{"C:\\Users\\TOMOKI977\\Documents\\FlyPyApp\\BACKEND\\src\\server.ts": {"path":"C:\\Users\\TOMOKI977\\Documents\\FlyPyApp\\BACKEND\\src\\server.ts","statementMap":{"0":{"start":{"line":1,"column":0},"end":{"line":1,"column":23}},"1":{"start":{"line":2,"column":0},"end":{"line":2,"column":30}},"2":{"start":{"line":3,"column":0},"end":{"line":3,"column":24}},"3":{"start":{"line":5,"column":0},"end":{"line":5,"column":46}},"4":{"start":{"line":6,"column":0},"end":{"line":6,"column":52}},"5":{"start":{"line":7,"column":0},"end":{"line":7,"column":48}},"6":{"start":{"line":8,"column":0},"end":{"line":8,"column":62}},"7":{"start":{"line":10,"column":12},"end":{"line":10,"column":21}},"8":{"start":{"line":12,"column":0},"end":{"line":12,"column":16}},"9":{"start":{"line":13,"column":0},"end":{"line":13,"column":24}},"10":{"start":{"line":15,"column":0},"end":{"line":17,"column":3}},"11":{"start":{"line":16,"column":2},"end":{"line":16,"column":43}},"12":{"start":{"line":19,"column":0},"end":{"line":19,"column":33}},"13":{"start":{"line":20,"column":0},"end":{"line":20,"column":49}},"14":{"start":{"line":21,"column":0},"end":{"line":21,"column":40}},"15":{"start":{"line":22,"column":0},"end":{"line":22,"column":35}},"16":{"start":{"line":24,"column":0},"end":{"line":24,"column":72}},"17":{"start":{"line":24,"column":22},"end":{"line":24,"column":70}},"18":{"start":{"line":26,"column":0},"end":{"line":29,"column":3}},"19":{"start":{"line":27,"column":2},"end":{"line":27,"column":21}},"20":{"start":{"line":28,"column":2},"end":{"line":28,"column":93}},"21":{"start":{"line":31,"column":0},"end":{"line":31,"column":19}}},"fnMap":{"0":{"name":"(anonymous_1)","decl":{"start":{"line":15,"column":13},"end":{"line":15,"column":14}},"loc":{"start":{"line":15,"column":27},"end":{"line":17,"column":1}}},"1":{"name":"(anonymous_2)","decl":{"start":{"line":24,"column":8},"end":{"line":24,"column":9}},"loc":{"start":{"line":24,"column":22},"end":{"line":24,"column":70}}},"2":{"name":"(anonymous_3)","decl":{"start":{"line":26,"column":8},"end":{"line":26,"column":9}},"loc":{"start":{"line":26,"column":79},"end":{"line":29,"column":1}}}},"branchMap":{"0":{"loc":{"start":{"line":28,"column":13},"end":{"line":28,"column":30}},"type":"binary-expr","locations":[{"start":{"line":28,"column":13},"end":{"line":28,"column":23}},{"start":{"line":28,"column":27},"end":{"line":28,"column":30}}]},"1":{"loc":{"start":{"line":28,"column":46},"end":{"line":28,"column":89}},"type":"binary-expr","locations":[{"start":{"line":28,"column":46},"end":{"line":28,"column":57}},{"start":{"line":28,"column":61},"end":{"line":28,"column":89}}]}},"s":{"0":6,"1":6,"2":6,"3":6,"4":6,"5":6,"6":6,"7":6,"8":6,"9":6,"10":6,"11":0,"12":6,"13":6,"14":6,"15":6,"16":6,"17":2,"18":6,"19":0,"20":0,"21":6},"f":{"0":0,"1":2,"2":0},"b":{"0":[0,0],"1":[0,0]}}
,"C:\\Users\\TOMOKI977\\Documents\\FlyPyApp\\BACKEND\\src\\config\\clients\\githubClient.ts": {"path":"C:\\Users\\TOMOKI977\\Documents\\FlyPyApp\\BACKEND\\src\\config\\clients\\githubClient.ts","statementMap":{"0":{"start":{"line":1,"column":13},"end":{"line":9,"column":2}}},"fnMap":{},"branchMap":{},"s":{"0":6},"f":{},"b":{}}
,"C:\\Users\\TOMOKI977\\Documents\\FlyPyApp\\BACKEND\\src\\config\\clients\\googleClient.ts": {"path":"C:\\Users\\TOMOKI977\\Documents\\FlyPyApp\\BACKEND\\src\\config\\clients\\googleClient.ts","statementMap":{"0":{"start":{"line":1,"column":0},"end":{"line":1,"column":26}},"1":{"start":{"line":5,"column":32},"end":{"line":17,"column":1}},"2":{"start":{"line":6,"column":19},"end":{"line":6,"column":98}},"3":{"start":{"line":8,"column":2},"end":{"line":16,"column":4}},"4":{"start":{"line":5,"column":13},"end":{"line":5,"column":32}}},"fnMap":{"0":{"name":"(anonymous_1)","decl":{"start":{"line":5,"column":32},"end":{"line":5,"column":37}},"loc":{"start":{"line":5,"column":43},"end":{"line":17,"column":1}}}},"branchMap":{},"s":{"0":5,"1":5,"2":0,"3":0,"4":5},"f":{"0":0},"b":{}}
,"C:\\Users\\TOMOKI977\\Documents\\FlyPyApp\\BACKEND\\src\\config\\clients\\microsoftClient.ts": {"path":"C:\\Users\\TOMOKI977\\Documents\\FlyPyApp\\BACKEND\\src\\config\\clients\\microsoftClient.ts","statementMap":{"0":{"start":{"line":1,"column":0},"end":{"line":1,"column":26}},"1":{"start":{"line":5,"column":35},"end":{"line":19,"column":1}},"2":{"start":{"line":6,"column":19},"end":{"line":7,"column":null}},"3":{"start":{"line":10,"column":2},"end":{"line":18,"column":4}},"4":{"start":{"line":5,"column":13},"end":{"line":5,"column":35}}},"fnMap":{"0":{"name":"(anonymous_1)","decl":{"start":{"line":5,"column":35},"end":{"line":5,"column":40}},"loc":{"start":{"line":5,"column":46},"end":{"line":19,"column":1}}}},"branchMap":{},"s":{"0":5,"1":5,"2":0,"3":0,"4":5},"f":{"0":0},"b":{}}
,"C:\\Users\\TOMOKI977\\Documents\\FlyPyApp\\BACKEND\\src\\controllers\\auth.controller.ts": {"path":"C:\\Users\\TOMOKI977\\Documents\\FlyPyApp\\BACKEND\\src\\controllers\\auth.controller.ts","statementMap":{"0":{"start":{"line":2,"column":0},"end":{"line":2,"column":170}},"1":{"start":{"line":8,"column":24},"end":{"line":16,"column":1}},"2":{"start":{"line":9,"column":2},"end":{"line":15,"column":3}},"3":{"start":{"line":10,"column":19},"end":{"line":10,"column":52}},"4":{"start":{"line":11,"column":4},"end":{"line":11,"column":40}},"5":{"start":{"line":13,"column":4},"end":{"line":13,"column":47}},"6":{"start":{"line":14,"column":4},"end":{"line":14,"column":82}},"7":{"start":{"line":8,"column":13},"end":{"line":8,"column":24}},"8":{"start":{"line":18,"column":21},"end":{"line":21,"column":1}},"9":{"start":{"line":19,"column":17},"end":{"line":19,"column":47}},"10":{"start":{"line":20,"column":2},"end":{"line":20,"column":31}},"11":{"start":{"line":18,"column":13},"end":{"line":18,"column":21}},"12":{"start":{"line":23,"column":22},"end":{"line":26,"column":1}},"13":{"start":{"line":24,"column":2},"end":{"line":24,"column":27}},"14":{"start":{"line":25,"column":2},"end":{"line":25,"column":54}},"15":{"start":{"line":23,"column":13},"end":{"line":23,"column":22}},"16":{"start":{"line":28,"column":40},"end":{"line":36,"column":1}},"17":{"start":{"line":29,"column":2},"end":{"line":35,"column":3}},"18":{"start":{"line":30,"column":19},"end":{"line":30,"column":66}},"19":{"start":{"line":31,"column":4},"end":{"line":31,"column":33}},"20":{"start":{"line":33,"column":4},"end":{"line":33,"column":59}},"21":{"start":{"line":34,"column":4},"end":{"line":34,"column":79}},"22":{"start":{"line":28,"column":13},"end":{"line":28,"column":40}},"23":{"start":{"line":38,"column":41},"end":{"line":46,"column":1}},"24":{"start":{"line":39,"column":2},"end":{"line":45,"column":3}},"25":{"start":{"line":40,"column":19},"end":{"line":40,"column":67}},"26":{"start":{"line":41,"column":4},"end":{"line":41,"column":33}},"27":{"start":{"line":43,"column":4},"end":{"line":43,"column":67}},"28":{"start":{"line":44,"column":4},"end":{"line":44,"column":80}},"29":{"start":{"line":38,"column":13},"end":{"line":38,"column":41}},"30":{"start":{"line":48,"column":43},"end":{"line":56,"column":1}},"31":{"start":{"line":49,"column":2},"end":{"line":55,"column":3}},"32":{"start":{"line":50,"column":19},"end":{"line":50,"column":69}},"33":{"start":{"line":51,"column":4},"end":{"line":51,"column":33}},"34":{"start":{"line":53,"column":4},"end":{"line":53,"column":67}},"35":{"start":{"line":54,"column":4},"end":{"line":54,"column":84}},"36":{"start":{"line":48,"column":13},"end":{"line":48,"column":43}}},"fnMap":{"0":{"name":"(anonymous_0)","decl":{"start":{"line":8,"column":24},"end":{"line":8,"column":29}},"loc":{"start":{"line":8,"column":62},"end":{"line":16,"column":1}}},"1":{"name":"(anonymous_1)","decl":{"start":{"line":18,"column":21},"end":{"line":18,"column":26}},"loc":{"start":{"line":18,"column":59},"end":{"line":21,"column":1}}},"2":{"name":"(anonymous_2)","decl":{"start":{"line":23,"column":22},"end":{"line":23,"column":23}},"loc":{"start":{"line":23,"column":55},"end":{"line":26,"column":1}}},"3":{"name":"(anonymous_3)","decl":{"start":{"line":28,"column":40},"end":{"line":28,"column":45}},"loc":{"start":{"line":28,"column":78},"end":{"line":36,"column":1}}},"4":{"name":"(anonymous_4)","decl":{"start":{"line":38,"column":41},"end":{"line":38,"column":46}},"loc":{"start":{"line":38,"column":79},"end":{"line":46,"column":1}}},"5":{"name":"(anonymous_5)","decl":{"start":{"line":48,"column":43},"end":{"line":48,"column":48}},"loc":{"start":{"line":48,"column":81},"end":{"line":56,"column":1}}}},"branchMap":{"0":{"loc":{"start":{"line":14,"column":41},"end":{"line":14,"column":78}},"type":"binary-expr","locations":[{"start":{"line":14,"column":41},"end":{"line":14,"column":54}},{"start":{"line":14,"column":58},"end":{"line":14,"column":78}}]},"1":{"loc":{"start":{"line":34,"column":34},"end":{"line":34,"column":75}},"type":"binary-expr","locations":[{"start":{"line":34,"column":34},"end":{"line":34,"column":47}},{"start":{"line":34,"column":51},"end":{"line":34,"column":75}}]},"2":{"loc":{"start":{"line":44,"column":34},"end":{"line":44,"column":76}},"type":"binary-expr","locations":[{"start":{"line":44,"column":34},"end":{"line":44,"column":47}},{"start":{"line":44,"column":51},"end":{"line":44,"column":76}}]},"3":{"loc":{"start":{"line":54,"column":34},"end":{"line":54,"column":80}},"type":"binary-expr","locations":[{"start":{"line":54,"column":34},"end":{"line":54,"column":47}},{"start":{"line":54,"column":51},"end":{"line":54,"column":80}}]}},"s":{"0":6,"1":6,"2":0,"3":0,"4":0,"5":0,"6":0,"7":6,"8":6,"9":4,"10":0,"11":6,"12":6,"13":1,"14":1,"15":6,"16":6,"17":1,"18":1,"19":0,"20":1,"21":1,"22":6,"23":6,"24":1,"25":1,"26":0,"27":1,"28":1,"29":6,"30":6,"31":1,"32":1,"33":0,"34":1,"35":1,"36":6},"f":{"0":0,"1":4,"2":1,"3":1,"4":1,"5":1},"b":{"0":[0,0],"1":[1,0],"2":[1,0],"3":[1,0]}}
,"C:\\Users\\TOMOKI977\\Documents\\FlyPyApp\\BACKEND\\src\\controllers\\mailer.controller.ts": {"path":"C:\\Users\\TOMOKI977\\Documents\\FlyPyApp\\BACKEND\\src\\controllers\\mailer.controller.ts","statementMap":{"0":{"start":{"line":2,"column":0},"end":{"line":2,"column":null}},"1":{"start":{"line":8,"column":36},"end":{"line":21,"column":1}},"2":{"start":{"line":9,"column":20},"end":{"line":9,"column":28}},"3":{"start":{"line":10,"column":2},"end":{"line":12,"column":3}},"4":{"start":{"line":11,"column":4},"end":{"line":11,"column":61}},"5":{"start":{"line":14,"column":2},"end":{"line":20,"column":3}},"6":{"start":{"line":15,"column":4},"end":{"line":15,"column":45}},"7":{"start":{"line":16,"column":4},"end":{"line":16,"column":39}},"8":{"start":{"line":18,"column":4},"end":{"line":18,"column":66}},"9":{"start":{"line":19,"column":4},"end":{"line":19,"column":74}},"10":{"start":{"line":8,"column":13},"end":{"line":8,"column":36}},"11":{"start":{"line":24,"column":33},"end":{"line":26,"column":1}},"12":{"start":{"line":25,"column":2},"end":{"line":25,"column":78}},"13":{"start":{"line":24,"column":13},"end":{"line":24,"column":33}},"14":{"start":{"line":29,"column":32},"end":{"line":31,"column":1}},"15":{"start":{"line":30,"column":2},"end":{"line":30,"column":78}},"16":{"start":{"line":29,"column":13},"end":{"line":29,"column":32}}},"fnMap":{"0":{"name":"(anonymous_0)","decl":{"start":{"line":8,"column":36},"end":{"line":8,"column":41}},"loc":{"start":{"line":8,"column":74},"end":{"line":21,"column":1}}},"1":{"name":"(anonymous_1)","decl":{"start":{"line":24,"column":33},"end":{"line":24,"column":38}},"loc":{"start":{"line":24,"column":72},"end":{"line":26,"column":1}}},"2":{"name":"(anonymous_2)","decl":{"start":{"line":29,"column":32},"end":{"line":29,"column":37}},"loc":{"start":{"line":29,"column":71},"end":{"line":31,"column":1}}}},"branchMap":{"0":{"loc":{"start":{"line":10,"column":2},"end":{"line":12,"column":3}},"type":"if","locations":[{"start":{"line":10,"column":2},"end":{"line":12,"column":3}},{"start":{},"end":{}}]},"1":{"loc":{"start":{"line":10,"column":6},"end":{"line":10,"column":36}},"type":"binary-expr","locations":[{"start":{"line":10,"column":6},"end":{"line":10,"column":12}},{"start":{"line":10,"column":16},"end":{"line":10,"column":36}}]}},"s":{"0":6,"1":6,"2":3,"3":3,"4":2,"5":1,"6":1,"7":1,"8":0,"9":0,"10":6,"11":6,"12":0,"13":6,"14":6,"15":0,"16":6},"f":{"0":3,"1":0,"2":0},"b":{"0":[2,1],"1":[3,2]}}
,"C:\\Users\\TOMOKI977\\Documents\\FlyPyApp\\BACKEND\\src\\controllers\\oauth.controller.ts": {"path":"C:\\Users\\TOMOKI977\\Documents\\FlyPyApp\\BACKEND\\src\\controllers\\oauth.controller.ts","statementMap":{"0":{"start":{"line":2,"column":0},"end":{"line":2,"column":68}},"1":{"start":{"line":4,"column":30},"end":{"line":6,"column":1}},"2":{"start":{"line":5,"column":2},"end":{"line":5,"column":52}},"3":{"start":{"line":4,"column":13},"end":{"line":4,"column":30}},"4":{"start":{"line":8,"column":33},"end":{"line":10,"column":1}},"5":{"start":{"line":9,"column":2},"end":{"line":9,"column":55}},"6":{"start":{"line":8,"column":13},"end":{"line":8,"column":33}},"7":{"start":{"line":12,"column":30},"end":{"line":14,"column":1}},"8":{"start":{"line":13,"column":2},"end":{"line":13,"column":52}},"9":{"start":{"line":12,"column":13},"end":{"line":12,"column":30}}},"fnMap":{"0":{"name":"(anonymous_0)","decl":{"start":{"line":4,"column":30},"end":{"line":4,"column":35}},"loc":{"start":{"line":4,"column":68},"end":{"line":6,"column":1}}},"1":{"name":"(anonymous_1)","decl":{"start":{"line":8,"column":33},"end":{"line":8,"column":38}},"loc":{"start":{"line":8,"column":71},"end":{"line":10,"column":1}}},"2":{"name":"(anonymous_2)","decl":{"start":{"line":12,"column":30},"end":{"line":12,"column":35}},"loc":{"start":{"line":12,"column":68},"end":{"line":14,"column":1}}}},"branchMap":{},"s":{"0":6,"1":6,"2":0,"3":6,"4":6,"5":0,"6":6,"7":6,"8":0,"9":6},"f":{"0":0,"1":0,"2":0},"b":{}}
,"C:\\Users\\TOMOKI977\\Documents\\FlyPyApp\\BACKEND\\src\\controllers\\usuario.controller.ts": {"path":"C:\\Users\\TOMOKI977\\Documents\\FlyPyApp\\BACKEND\\src\\controllers\\usuario.controller.ts","statementMap":{"0":{"start":{"line":2,"column":0},"end":{"line":2,"column":null}},"1":{"start":{"line":12,"column":27},"end":{"line":20,"column":1}},"2":{"start":{"line":13,"column":2},"end":{"line":19,"column":3}},"3":{"start":{"line":14,"column":19},"end":{"line":14,"column":48}},"4":{"start":{"line":15,"column":4},"end":{"line":15,"column":21}},"5":{"start":{"line":17,"column":4},"end":{"line":17,"column":58}},"6":{"start":{"line":18,"column":4},"end":{"line":18,"column":80}},"7":{"start":{"line":12,"column":13},"end":{"line":12,"column":27}},"8":{"start":{"line":22,"column":25},"end":{"line":30,"column":1}},"9":{"start":{"line":23,"column":2},"end":{"line":29,"column":3}},"10":{"start":{"line":24,"column":19},"end":{"line":24,"column":46}},"11":{"start":{"line":25,"column":4},"end":{"line":25,"column":21}},"12":{"start":{"line":27,"column":4},"end":{"line":27,"column":56}},"13":{"start":{"line":28,"column":4},"end":{"line":28,"column":78}},"14":{"start":{"line":22,"column":13},"end":{"line":22,"column":25}},"15":{"start":{"line":32,"column":25},"end":{"line":40,"column":1}},"16":{"start":{"line":33,"column":2},"end":{"line":39,"column":3}},"17":{"start":{"line":34,"column":19},"end":{"line":34,"column":46}},"18":{"start":{"line":35,"column":4},"end":{"line":35,"column":21}},"19":{"start":{"line":37,"column":4},"end":{"line":37,"column":56}},"20":{"start":{"line":38,"column":4},"end":{"line":38,"column":78}},"21":{"start":{"line":32,"column":13},"end":{"line":32,"column":25}},"22":{"start":{"line":42,"column":28},"end":{"line":50,"column":1}},"23":{"start":{"line":43,"column":2},"end":{"line":49,"column":3}},"24":{"start":{"line":44,"column":19},"end":{"line":44,"column":49}},"25":{"start":{"line":45,"column":4},"end":{"line":45,"column":21}},"26":{"start":{"line":47,"column":4},"end":{"line":47,"column":59}},"27":{"start":{"line":48,"column":4},"end":{"line":48,"column":81}},"28":{"start":{"line":42,"column":13},"end":{"line":42,"column":28}},"29":{"start":{"line":52,"column":30},"end":{"line":60,"column":1}},"30":{"start":{"line":53,"column":2},"end":{"line":59,"column":3}},"31":{"start":{"line":54,"column":19},"end":{"line":54,"column":51}},"32":{"start":{"line":55,"column":4},"end":{"line":55,"column":21}},"33":{"start":{"line":57,"column":4},"end":{"line":57,"column":61}},"34":{"start":{"line":58,"column":4},"end":{"line":58,"column":85}},"35":{"start":{"line":52,"column":13},"end":{"line":52,"column":30}},"36":{"start":{"line":62,"column":28},"end":{"line":70,"column":1}},"37":{"start":{"line":63,"column":2},"end":{"line":69,"column":3}},"38":{"start":{"line":64,"column":19},"end":{"line":64,"column":49}},"39":{"start":{"line":65,"column":4},"end":{"line":65,"column":21}},"40":{"start":{"line":67,"column":4},"end":{"line":67,"column":59}},"41":{"start":{"line":68,"column":4},"end":{"line":68,"column":81}},"42":{"start":{"line":62,"column":13},"end":{"line":62,"column":28}},"43":{"start":{"line":72,"column":27},"end":{"line":80,"column":1}},"44":{"start":{"line":73,"column":2},"end":{"line":79,"column":3}},"45":{"start":{"line":74,"column":19},"end":{"line":74,"column":45}},"46":{"start":{"line":75,"column":4},"end":{"line":75,"column":21}},"47":{"start":{"line":77,"column":4},"end":{"line":77,"column":58}},"48":{"start":{"line":78,"column":4},"end":{"line":78,"column":80}},"49":{"start":{"line":72,"column":13},"end":{"line":72,"column":27}}},"fnMap":{"0":{"name":"(anonymous_0)","decl":{"start":{"line":12,"column":27},"end":{"line":12,"column":32}},"loc":{"start":{"line":12,"column":65},"end":{"line":20,"column":1}}},"1":{"name":"(anonymous_1)","decl":{"start":{"line":22,"column":25},"end":{"line":22,"column":30}},"loc":{"start":{"line":22,"column":63},"end":{"line":30,"column":1}}},"2":{"name":"(anonymous_2)","decl":{"start":{"line":32,"column":25},"end":{"line":32,"column":30}},"loc":{"start":{"line":32,"column":63},"end":{"line":40,"column":1}}},"3":{"name":"(anonymous_3)","decl":{"start":{"line":42,"column":28},"end":{"line":42,"column":33}},"loc":{"start":{"line":42,"column":66},"end":{"line":50,"column":1}}},"4":{"name":"(anonymous_4)","decl":{"start":{"line":52,"column":30},"end":{"line":52,"column":35}},"loc":{"start":{"line":52,"column":68},"end":{"line":60,"column":1}}},"5":{"name":"(anonymous_5)","decl":{"start":{"line":62,"column":28},"end":{"line":62,"column":33}},"loc":{"start":{"line":62,"column":66},"end":{"line":70,"column":1}}},"6":{"name":"(anonymous_6)","decl":{"start":{"line":72,"column":27},"end":{"line":72,"column":32}},"loc":{"start":{"line":72,"column":66},"end":{"line":80,"column":1}}}},"branchMap":{"0":{"loc":{"start":{"line":18,"column":34},"end":{"line":18,"column":76}},"type":"binary-expr","locations":[{"start":{"line":18,"column":34},"end":{"line":18,"column":45}},{"start":{"line":18,"column":49},"end":{"line":18,"column":76}}]},"1":{"loc":{"start":{"line":28,"column":34},"end":{"line":28,"column":74}},"type":"binary-expr","locations":[{"start":{"line":28,"column":34},"end":{"line":28,"column":45}},{"start":{"line":28,"column":49},"end":{"line":28,"column":74}}]},"2":{"loc":{"start":{"line":38,"column":34},"end":{"line":38,"column":74}},"type":"binary-expr","locations":[{"start":{"line":38,"column":34},"end":{"line":38,"column":45}},{"start":{"line":38,"column":49},"end":{"line":38,"column":74}}]},"3":{"loc":{"start":{"line":48,"column":34},"end":{"line":48,"column":77}},"type":"binary-expr","locations":[{"start":{"line":48,"column":34},"end":{"line":48,"column":45}},{"start":{"line":48,"column":49},"end":{"line":48,"column":77}}]},"4":{"loc":{"start":{"line":58,"column":34},"end":{"line":58,"column":81}},"type":"binary-expr","locations":[{"start":{"line":58,"column":34},"end":{"line":58,"column":45}},{"start":{"line":58,"column":49},"end":{"line":58,"column":81}}]},"5":{"loc":{"start":{"line":68,"column":34},"end":{"line":68,"column":77}},"type":"binary-expr","locations":[{"start":{"line":68,"column":34},"end":{"line":68,"column":45}},{"start":{"line":68,"column":49},"end":{"line":68,"column":77}}]},"6":{"loc":{"start":{"line":78,"column":34},"end":{"line":78,"column":76}},"type":"binary-expr","locations":[{"start":{"line":78,"column":34},"end":{"line":78,"column":45}},{"start":{"line":78,"column":49},"end":{"line":78,"column":76}}]}},"s":{"0":6,"1":6,"2":0,"3":0,"4":0,"5":0,"6":0,"7":6,"8":6,"9":0,"10":0,"11":0,"12":0,"13":0,"14":6,"15":6,"16":0,"17":0,"18":0,"19":0,"20":0,"21":6,"22":6,"23":0,"24":0,"25":0,"26":0,"27":0,"28":6,"29":6,"30":0,"31":0,"32":0,"33":0,"34":0,"35":6,"36":6,"37":0,"38":0,"39":0,"40":0,"41":0,"42":6,"43":6,"44":0,"45":0,"46":0,"47":0,"48":0,"49":6},"f":{"0":0,"1":0,"2":0,"3":0,"4":0,"5":0,"6":0},"b":{"0":[0,0],"1":[0,0],"2":[0,0],"3":[0,0],"4":[0,0],"5":[0,0],"6":[0,0]}}
,"C:\\Users\\TOMOKI977\\Documents\\FlyPyApp\\BACKEND\\src\\lib\\mailer.ts": {"path":"C:\\Users\\TOMOKI977\\Documents\\FlyPyApp\\BACKEND\\src\\lib\\mailer.ts","statementMap":{"0":{"start":{"line":1,"column":0},"end":{"line":1,"column":36}},"1":{"start":{"line":2,"column":0},"end":{"line":2,"column":69}},"2":{"start":{"line":4,"column":13},"end":{"line":12,"column":3}},"3":{"start":{"line":14,"column":37},"end":{"line":27,"column":1}},"4":{"start":{"line":15,"column":15},"end":{"line":19,"column":4}},"5":{"start":{"line":21,"column":2},"end":{"line":26,"column":5}},"6":{"start":{"line":14,"column":13},"end":{"line":14,"column":37}},"7":{"start":{"line":29,"column":41},"end":{"line":42,"column":1}},"8":{"start":{"line":30,"column":15},"end":{"line":34,"column":4}},"9":{"start":{"line":36,"column":2},"end":{"line":41,"column":5}},"10":{"start":{"line":29,"column":13},"end":{"line":29,"column":41}}},"fnMap":{"0":{"name":"(anonymous_1)","decl":{"start":{"line":14,"column":37},"end":{"line":14,"column":42}},"loc":{"start":{"line":14,"column":72},"end":{"line":27,"column":1}}},"1":{"name":"(anonymous_2)","decl":{"start":{"line":29,"column":41},"end":{"line":29,"column":46}},"loc":{"start":{"line":29,"column":76},"end":{"line":42,"column":1}}}},"branchMap":{},"s":{"0":8,"1":8,"2":8,"3":8,"4":1,"5":1,"6":8,"7":8,"8":0,"9":0,"10":8},"f":{"0":1,"1":0},"b":{}}
,"C:\\Users\\TOMOKI977\\Documents\\FlyPyApp\\BACKEND\\src\\lib\\template\\email.template.ts": {"path":"C:\\Users\\TOMOKI977\\Documents\\FlyPyApp\\BACKEND\\src\\lib\\template\\email.template.ts","statementMap":{"0":{"start":{"line":1,"column":40},"end":{"line":83,"column":1}},"1":{"start":{"line":14,"column":2},"end":{"line":82,"column":4}},"2":{"start":{"line":1,"column":13},"end":{"line":1,"column":40}}},"fnMap":{"0":{"name":"(anonymous_0)","decl":{"start":{"line":1,"column":40},"end":{"line":1,"column":41}},"loc":{"start":{"line":13,"column":5},"end":{"line":83,"column":1}}}},"branchMap":{"0":{"loc":{"start":{"line":5,"column":2},"end":{"line":5,"column":41}},"type":"default-arg","locations":[{"start":{"line":5,"column":11},"end":{"line":5,"column":41}}]},"1":{"loc":{"start":{"line":6,"column":2},"end":{"line":6,"column":14}},"type":"default-arg","locations":[{"start":{"line":6,"column":12},"end":{"line":6,"column":14}}]},"2":{"loc":{"start":{"line":77,"column":10},"end":{"line":77,"column":70}},"type":"cond-expr","locations":[{"start":{"line":77,"column":22},"end":{"line":77,"column":65}},{"start":{"line":77,"column":68},"end":{"line":77,"column":70}}]}},"s":{"0":8,"1":1,"2":8},"f":{"0":1},"b":{"0":[1],"1":[1],"2":[1,0]}}
,"C:\\Users\\TOMOKI977\\Documents\\FlyPyApp\\BACKEND\\src\\middlewares\\authenticate.middleware.ts": {"path":"C:\\Users\\TOMOKI977\\Documents\\FlyPyApp\\BACKEND\\src\\middlewares\\authenticate.middleware.ts","statementMap":{"0":{"start":{"line":3,"column":0},"end":{"line":3,"column":43}},"1":{"start":{"line":4,"column":0},"end":{"line":4,"column":39}},"2":{"start":{"line":7,"column":28},"end":{"line":39,"column":1}},"3":{"start":{"line":12,"column":2},"end":{"line":38,"column":3}},"4":{"start":{"line":13,"column":17},"end":{"line":13,"column":42}},"5":{"start":{"line":14,"column":4},"end":{"line":14,"column":89}},"6":{"start":{"line":14,"column":38},"end":{"line":14,"column":89}},"7":{"start":{"line":15,"column":18},"end":{"line":15,"column":36}},"8":{"start":{"line":16,"column":20},"end":{"line":16,"column":38}},"9":{"start":{"line":17,"column":20},"end":{"line":17,"column":42}},"10":{"start":{"line":18,"column":4},"end":{"line":18,"column":74}},"11":{"start":{"line":18,"column":17},"end":{"line":18,"column":74}},"12":{"start":{"line":20,"column":17},"end":{"line":23,"column":6}},"13":{"start":{"line":25,"column":4},"end":{"line":25,"column":79}},"14":{"start":{"line":25,"column":15},"end":{"line":25,"column":79}},"15":{"start":{"line":28,"column":5},"end":{"line":33,"column":6}},"16":{"start":{"line":35,"column":4},"end":{"line":35,"column":11}},"17":{"start":{"line":37,"column":4},"end":{"line":37,"column":61}},"18":{"start":{"line":7,"column":13},"end":{"line":7,"column":28}}},"fnMap":{"0":{"name":"(anonymous_0)","decl":{"start":{"line":7,"column":28},"end":{"line":7,"column":33}},"loc":{"start":{"line":11,"column":4},"end":{"line":39,"column":1}}}},"branchMap":{"0":{"loc":{"start":{"line":14,"column":4},"end":{"line":14,"column":89}},"type":"if","locations":[{"start":{"line":14,"column":4},"end":{"line":14,"column":89}},{"start":{},"end":{}}]},"1":{"loc":{"start":{"line":18,"column":4},"end":{"line":18,"column":74}},"type":"if","locations":[{"start":{"line":18,"column":4},"end":{"line":18,"column":74}},{"start":{},"end":{}}]},"2":{"loc":{"start":{"line":25,"column":4},"end":{"line":25,"column":79}},"type":"if","locations":[{"start":{"line":25,"column":4},"end":{"line":25,"column":79}},{"start":{},"end":{}}]},"3":{"loc":{"start":{"line":30,"column":13},"end":{"line":30,"column":36}},"type":"binary-expr","locations":[{"start":{"line":30,"column":13},"end":{"line":30,"column":23}},{"start":{"line":30,"column":27},"end":{"line":30,"column":36}}]},"4":{"loc":{"start":{"line":31,"column":18},"end":{"line":31,"column":41}},"type":"binary-expr","locations":[{"start":{"line":31,"column":18},"end":{"line":31,"column":33}},{"start":{"line":31,"column":37},"end":{"line":31,"column":41}}]},"5":{"loc":{"start":{"line":32,"column":14},"end":{"line":32,"column":33}},"type":"binary-expr","locations":[{"start":{"line":32,"column":14},"end":{"line":32,"column":25}},{"start":{"line":32,"column":29},"end":{"line":32,"column":33}}]}},"s":{"0":6,"1":6,"2":6,"3":9,"4":9,"5":9,"6":1,"7":8,"8":8,"9":8,"10":8,"11":0,"12":8,"13":8,"14":8,"15":0,"16":0,"17":0,"18":6},"f":{"0":9},"b":{"0":[1,8],"1":[0,8],"2":[8,0],"3":[0,0],"4":[0,0],"5":[0,0]}}
,"C:\\Users\\TOMOKI977\\Documents\\FlyPyApp\\BACKEND\\src\\middlewares\\requireRol.middleware.ts": {"path":"C:\\Users\\TOMOKI977\\Documents\\FlyPyApp\\BACKEND\\src\\middlewares\\requireRol.middleware.ts","statementMap":{"0":{"start":{"line":12,"column":26},"end":{"line":17,"column":1}},"1":{"start":{"line":13,"column":2},"end":{"line":13,"column":74}},"2":{"start":{"line":13,"column":17},"end":{"line":13,"column":74}},"3":{"start":{"line":14,"column":18},"end":{"line":14,"column":60}},"4":{"start":{"line":15,"column":2},"end":{"line":15,"column":99}},"5":{"start":{"line":15,"column":16},"end":{"line":15,"column":99}},"6":{"start":{"line":16,"column":2},"end":{"line":16,"column":9}},"7":{"start":{"line":12,"column":13},"end":{"line":12,"column":26}},"8":{"start":{"line":21,"column":32},"end":{"line":29,"column":1}},"9":{"start":{"line":22,"column":2},"end":{"line":28,"column":4}},"10":{"start":{"line":23,"column":17},"end":{"line":23,"column":62}},"11":{"start":{"line":24,"column":4},"end":{"line":26,"column":5}},"12":{"start":{"line":25,"column":6},"end":{"line":25,"column":72}},"13":{"start":{"line":27,"column":4},"end":{"line":27,"column":11}},"14":{"start":{"line":21,"column":13},"end":{"line":21,"column":32}}},"fnMap":{"0":{"name":"(anonymous_0)","decl":{"start":{"line":12,"column":26},"end":{"line":12,"column":27}},"loc":{"start":{"line":12,"column":91},"end":{"line":17,"column":1}}},"1":{"name":"(anonymous_1)","decl":{"start":{"line":21,"column":32},"end":{"line":21,"column":33}},"loc":{"start":{"line":21,"column":62},"end":{"line":29,"column":1}}},"2":{"name":"(anonymous_2)","decl":{"start":{"line":22,"column":9},"end":{"line":22,"column":10}},"loc":{"start":{"line":22,"column":61},"end":{"line":28,"column":3}}}},"branchMap":{"0":{"loc":{"start":{"line":13,"column":2},"end":{"line":13,"column":74}},"type":"if","locations":[{"start":{"line":13,"column":2},"end":{"line":13,"column":74}},{"start":{},"end":{}}]},"1":{"loc":{"start":{"line":14,"column":18},"end":{"line":14,"column":60}},"type":"binary-expr","locations":[{"start":{"line":14,"column":18},"end":{"line":14,"column":39}},{"start":{"line":14,"column":43},"end":{"line":14,"column":60}}]},"2":{"loc":{"start":{"line":15,"column":2},"end":{"line":15,"column":99}},"type":"if","locations":[{"start":{"line":15,"column":2},"end":{"line":15,"column":99}},{"start":{},"end":{}}]},"3":{"loc":{"start":{"line":24,"column":4},"end":{"line":26,"column":5}},"type":"if","locations":[{"start":{"line":24,"column":4},"end":{"line":26,"column":5}},{"start":{},"end":{}}]},"4":{"loc":{"start":{"line":24,"column":8},"end":{"line":24,"column":46}},"type":"binary-expr","locations":[{"start":{"line":24,"column":8},"end":{"line":24,"column":12}},{"start":{"line":24,"column":16},"end":{"line":24,"column":46}}]}},"s":{"0":6,"1":0,"2":0,"3":0,"4":0,"5":0,"6":0,"7":6,"8":6,"9":6,"10":0,"11":0,"12":0,"13":0,"14":6},"f":{"0":0,"1":6,"2":0},"b":{"0":[0,0],"1":[0,0],"2":[0,0],"3":[0,0],"4":[0,0]}}
,"C:\\Users\\TOMOKI977\\Documents\\FlyPyApp\\BACKEND\\src\\middlewares\\validate.middleware.ts": {"path":"C:\\Users\\TOMOKI977\\Documents\\FlyPyApp\\BACKEND\\src\\middlewares\\validate.middleware.ts","statementMap":{"0":{"start":{"line":4,"column":24},"end":{"line":14,"column":1}},"1":{"start":{"line":5,"column":2},"end":{"line":13,"column":4}},"2":{"start":{"line":6,"column":19},"end":{"line":6,"column":45}},"3":{"start":{"line":7,"column":4},"end":{"line":9,"column":5}},"4":{"start":{"line":8,"column":6},"end":{"line":8,"column":68}},"5":{"start":{"line":11,"column":4},"end":{"line":11,"column":27}},"6":{"start":{"line":12,"column":4},"end":{"line":12,"column":11}},"7":{"start":{"line":4,"column":13},"end":{"line":4,"column":24}}},"fnMap":{"0":{"name":"(anonymous_0)","decl":{"start":{"line":4,"column":24},"end":{"line":4,"column":25}},"loc":{"start":{"line":4,"column":51},"end":{"line":14,"column":1}}},"1":{"name":"(anonymous_1)","decl":{"start":{"line":5,"column":9},"end":{"line":5,"column":10}},"loc":{"start":{"line":5,"column":61},"end":{"line":13,"column":3}}}},"branchMap":{"0":{"loc":{"start":{"line":7,"column":4},"end":{"line":9,"column":5}},"type":"if","locations":[{"start":{"line":7,"column":4},"end":{"line":9,"column":5}},{"start":{},"end":{}}]}},"s":{"0":6,"1":12,"2":4,"3":4,"4":0,"5":4,"6":4,"7":6},"f":{"0":12,"1":4},"b":{"0":[0,4]}}
,"C:\\Users\\TOMOKI977\\Documents\\FlyPyApp\\BACKEND\\src\\routes\\auth.routes.ts": {"path":"C:\\Users\\TOMOKI977\\Documents\\FlyPyApp\\BACKEND\\src\\routes\\auth.routes.ts","statementMap":{"0":{"start":{"line":1,"column":0},"end":{"line":1,"column":33}},"1":{"start":{"line":2,"column":0},"end":{"line":2,"column":155}},"2":{"start":{"line":3,"column":0},"end":{"line":3,"column":62}},"3":{"start":{"line":4,"column":0},"end":{"line":4,"column":66}},"4":{"start":{"line":5,"column":0},"end":{"line":5,"column":60}},"5":{"start":{"line":7,"column":15},"end":{"line":7,"column":23}},"6":{"start":{"line":9,"column":0},"end":{"line":16,"column":3}},"7":{"start":{"line":10,"column":2},"end":{"line":15,"column":3}},"8":{"start":{"line":11,"column":4},"end":{"line":11,"column":29}},"9":{"start":{"line":13,"column":4},"end":{"line":13,"column":56}},"10":{"start":{"line":14,"column":4},"end":{"line":14,"column":66}},"11":{"start":{"line":18,"column":0},"end":{"line":25,"column":3}},"12":{"start":{"line":19,"column":2},"end":{"line":24,"column":3}},"13":{"start":{"line":20,"column":4},"end":{"line":20,"column":26}},"14":{"start":{"line":22,"column":4},"end":{"line":22,"column":53}},"15":{"start":{"line":23,"column":4},"end":{"line":23,"column":71}},"16":{"start":{"line":27,"column":0},"end":{"line":34,"column":3}},"17":{"start":{"line":28,"column":2},"end":{"line":33,"column":3}},"18":{"start":{"line":29,"column":4},"end":{"line":29,"column":27}},"19":{"start":{"line":31,"column":4},"end":{"line":31,"column":54}},"20":{"start":{"line":32,"column":4},"end":{"line":32,"column":70}},"21":{"start":{"line":36,"column":0},"end":{"line":43,"column":3}},"22":{"start":{"line":37,"column":2},"end":{"line":42,"column":3}},"23":{"start":{"line":38,"column":4},"end":{"line":38,"column":45}},"24":{"start":{"line":40,"column":4},"end":{"line":40,"column":57}},"25":{"start":{"line":41,"column":4},"end":{"line":41,"column":70}},"26":{"start":{"line":45,"column":0},"end":{"line":52,"column":3}},"27":{"start":{"line":46,"column":2},"end":{"line":51,"column":3}},"28":{"start":{"line":47,"column":4},"end":{"line":47,"column":46}},"29":{"start":{"line":49,"column":4},"end":{"line":49,"column":65}},"30":{"start":{"line":50,"column":4},"end":{"line":50,"column":71}},"31":{"start":{"line":54,"column":0},"end":{"line":61,"column":3}},"32":{"start":{"line":55,"column":2},"end":{"line":60,"column":3}},"33":{"start":{"line":56,"column":4},"end":{"line":56,"column":48}},"34":{"start":{"line":58,"column":4},"end":{"line":58,"column":65}},"35":{"start":{"line":59,"column":4},"end":{"line":59,"column":75}},"36":{"start":{"line":64,"column":0},"end":{"line":64,"column":22}}},"fnMap":{"0":{"name":"(anonymous_0)","decl":{"start":{"line":9,"column":51},"end":{"line":9,"column":56}},"loc":{"start":{"line":9,"column":70},"end":{"line":16,"column":1}}},"1":{"name":"(anonymous_1)","decl":{"start":{"line":18,"column":45},"end":{"line":18,"column":50}},"loc":{"start":{"line":18,"column":64},"end":{"line":25,"column":1}}},"2":{"name":"(anonymous_2)","decl":{"start":{"line":27,"column":23},"end":{"line":27,"column":28}},"loc":{"start":{"line":27,"column":42},"end":{"line":34,"column":1}}},"3":{"name":"(anonymous_3)","decl":{"start":{"line":36,"column":26},"end":{"line":36,"column":31}},"loc":{"start":{"line":36,"column":45},"end":{"line":43,"column":1}}},"4":{"name":"(anonymous_4)","decl":{"start":{"line":45,"column":34},"end":{"line":45,"column":39}},"loc":{"start":{"line":45,"column":53},"end":{"line":52,"column":1}}},"5":{"name":"(anonymous_5)","decl":{"start":{"line":54,"column":35},"end":{"line":54,"column":40}},"loc":{"start":{"line":54,"column":54},"end":{"line":61,"column":1}}}},"branchMap":{},"s":{"0":6,"1":6,"2":6,"3":6,"4":6,"5":6,"6":6,"7":0,"8":0,"9":0,"10":0,"11":6,"12":4,"13":4,"14":4,"15":4,"16":6,"17":1,"18":1,"19":0,"20":0,"21":6,"22":1,"23":1,"24":0,"25":0,"26":6,"27":1,"28":1,"29":0,"30":0,"31":6,"32":1,"33":1,"34":0,"35":0,"36":6},"f":{"0":0,"1":4,"2":1,"3":1,"4":1,"5":1},"b":{}}
,"C:\\Users\\TOMOKI977\\Documents\\FlyPyApp\\BACKEND\\src\\routes\\oauth.routes.ts": {"path":"C:\\Users\\TOMOKI977\\Documents\\FlyPyApp\\BACKEND\\src\\routes\\oauth.routes.ts","statementMap":{"0":{"start":{"line":1,"column":0},"end":{"line":1,"column":33}},"1":{"start":{"line":2,"column":0},"end":{"line":2,"column":null}},"2":{"start":{"line":7,"column":0},"end":{"line":7,"column":64}},"3":{"start":{"line":9,"column":15},"end":{"line":9,"column":23}},"4":{"start":{"line":11,"column":0},"end":{"line":20,"column":3}},"5":{"start":{"line":12,"column":2},"end":{"line":19,"column":3}},"6":{"start":{"line":13,"column":24},"end":{"line":13,"column":53}},"7":{"start":{"line":14,"column":4},"end":{"line":14,"column":58}},"8":{"start":{"line":15,"column":4},"end":{"line":15,"column":30}},"9":{"start":{"line":17,"column":4},"end":{"line":17,"column":73}},"10":{"start":{"line":18,"column":4},"end":{"line":18,"column":49}},"11":{"start":{"line":22,"column":0},"end":{"line":22,"column":47}},"12":{"start":{"line":24,"column":0},"end":{"line":33,"column":3}},"13":{"start":{"line":25,"column":2},"end":{"line":32,"column":3}},"14":{"start":{"line":26,"column":24},"end":{"line":26,"column":56}},"15":{"start":{"line":27,"column":4},"end":{"line":27,"column":61}},"16":{"start":{"line":28,"column":4},"end":{"line":28,"column":30}},"17":{"start":{"line":30,"column":4},"end":{"line":30,"column":73}},"18":{"start":{"line":31,"column":4},"end":{"line":31,"column":49}},"19":{"start":{"line":35,"column":0},"end":{"line":35,"column":53}},"20":{"start":{"line":37,"column":0},"end":{"line":46,"column":3}},"21":{"start":{"line":38,"column":2},"end":{"line":45,"column":3}},"22":{"start":{"line":39,"column":24},"end":{"line":39,"column":53}},"23":{"start":{"line":40,"column":4},"end":{"line":40,"column":58}},"24":{"start":{"line":41,"column":4},"end":{"line":41,"column":30}},"25":{"start":{"line":43,"column":4},"end":{"line":43,"column":73}},"26":{"start":{"line":44,"column":4},"end":{"line":44,"column":49}},"27":{"start":{"line":48,"column":0},"end":{"line":48,"column":47}},"28":{"start":{"line":50,"column":0},"end":{"line":50,"column":22}}},"fnMap":{"0":{"name":"(anonymous_0)","decl":{"start":{"line":11,"column":22},"end":{"line":11,"column":23}},"loc":{"start":{"line":11,"column":35},"end":{"line":20,"column":1}}},"1":{"name":"(anonymous_1)","decl":{"start":{"line":24,"column":25},"end":{"line":24,"column":26}},"loc":{"start":{"line":24,"column":38},"end":{"line":33,"column":1}}},"2":{"name":"(anonymous_2)","decl":{"start":{"line":37,"column":22},"end":{"line":37,"column":23}},"loc":{"start":{"line":37,"column":35},"end":{"line":46,"column":1}}}},"branchMap":{},"s":{"0":6,"1":6,"2":6,"3":6,"4":6,"5":1,"6":1,"7":1,"8":1,"9":0,"10":0,"11":6,"12":6,"13":1,"14":1,"15":1,"16":1,"17":0,"18":0,"19":6,"20":6,"21":1,"22":1,"23":1,"24":1,"25":0,"26":0,"27":6,"28":6},"f":{"0":1,"1":1,"2":1},"b":{}}
,"C:\\Users\\TOMOKI977\\Documents\\FlyPyApp\\BACKEND\\src\\routes\\usuario.routes.ts": {"path":"C:\\Users\\TOMOKI977\\Documents\\FlyPyApp\\BACKEND\\src\\routes\\usuario.routes.ts","statementMap":{"0":{"start":{"line":1,"column":0},"end":{"line":1,"column":33}},"1":{"start":{"line":2,"column":0},"end":{"line":2,"column":70}},"2":{"start":{"line":3,"column":0},"end":{"line":3,"column":84}},"3":{"start":{"line":4,"column":0},"end":{"line":4,"column":143}},"4":{"start":{"line":7,"column":15},"end":{"line":7,"column":23}},"5":{"start":{"line":9,"column":0},"end":{"line":16,"column":3}},"6":{"start":{"line":10,"column":2},"end":{"line":15,"column":3}},"7":{"start":{"line":11,"column":4},"end":{"line":11,"column":32}},"8":{"start":{"line":13,"column":4},"end":{"line":13,"column":60}},"9":{"start":{"line":14,"column":4},"end":{"line":14,"column":73}},"10":{"start":{"line":18,"column":0},"end":{"line":25,"column":3}},"11":{"start":{"line":19,"column":2},"end":{"line":24,"column":3}},"12":{"start":{"line":20,"column":4},"end":{"line":20,"column":30}},"13":{"start":{"line":22,"column":4},"end":{"line":22,"column":57}},"14":{"start":{"line":23,"column":4},"end":{"line":23,"column":71}},"15":{"start":{"line":27,"column":0},"end":{"line":34,"column":3}},"16":{"start":{"line":28,"column":2},"end":{"line":33,"column":3}},"17":{"start":{"line":29,"column":4},"end":{"line":29,"column":30}},"18":{"start":{"line":31,"column":4},"end":{"line":31,"column":58}},"19":{"start":{"line":32,"column":4},"end":{"line":32,"column":71}},"20":{"start":{"line":36,"column":0},"end":{"line":43,"column":3}},"21":{"start":{"line":37,"column":2},"end":{"line":42,"column":3}},"22":{"start":{"line":38,"column":4},"end":{"line":38,"column":33}},"23":{"start":{"line":40,"column":4},"end":{"line":40,"column":60}},"24":{"start":{"line":41,"column":4},"end":{"line":41,"column":66}},"25":{"start":{"line":45,"column":0},"end":{"line":52,"column":3}},"26":{"start":{"line":46,"column":2},"end":{"line":51,"column":3}},"27":{"start":{"line":47,"column":4},"end":{"line":47,"column":35}},"28":{"start":{"line":49,"column":4},"end":{"line":49,"column":62}},"29":{"start":{"line":50,"column":4},"end":{"line":50,"column":70}},"30":{"start":{"line":55,"column":0},"end":{"line":62,"column":3}},"31":{"start":{"line":56,"column":2},"end":{"line":61,"column":3}},"32":{"start":{"line":57,"column":4},"end":{"line":57,"column":33}},"33":{"start":{"line":59,"column":4},"end":{"line":59,"column":61}},"34":{"start":{"line":60,"column":4},"end":{"line":60,"column":74}},"35":{"start":{"line":64,"column":0},"end":{"line":71,"column":3}},"36":{"start":{"line":65,"column":2},"end":{"line":70,"column":3}},"37":{"start":{"line":66,"column":4},"end":{"line":66,"column":32}},"38":{"start":{"line":68,"column":4},"end":{"line":68,"column":60}},"39":{"start":{"line":69,"column":4},"end":{"line":69,"column":73}},"40":{"start":{"line":73,"column":0},"end":{"line":73,"column":22}}},"fnMap":{"0":{"name":"(anonymous_0)","decl":{"start":{"line":9,"column":85},"end":{"line":9,"column":90}},"loc":{"start":{"line":9,"column":104},"end":{"line":16,"column":1}}},"1":{"name":"(anonymous_1)","decl":{"start":{"line":18,"column":35},"end":{"line":18,"column":40}},"loc":{"start":{"line":18,"column":54},"end":{"line":25,"column":1}}},"2":{"name":"(anonymous_2)","decl":{"start":{"line":27,"column":48},"end":{"line":27,"column":53}},"loc":{"start":{"line":27,"column":67},"end":{"line":34,"column":1}}},"3":{"name":"(anonymous_3)","decl":{"start":{"line":36,"column":38},"end":{"line":36,"column":43}},"loc":{"start":{"line":36,"column":57},"end":{"line":43,"column":1}}},"4":{"name":"(anonymous_4)","decl":{"start":{"line":45,"column":40},"end":{"line":45,"column":45}},"loc":{"start":{"line":45,"column":59},"end":{"line":52,"column":1}}},"5":{"name":"(anonymous_5)","decl":{"start":{"line":55,"column":51},"end":{"line":55,"column":56}},"loc":{"start":{"line":55,"column":70},"end":{"line":62,"column":1}}},"6":{"name":"(anonymous_6)","decl":{"start":{"line":64,"column":38},"end":{"line":64,"column":43}},"loc":{"start":{"line":64,"column":57},"end":{"line":71,"column":1}}}},"branchMap":{},"s":{"0":6,"1":6,"2":6,"3":6,"4":6,"5":6,"6":0,"7":0,"8":0,"9":0,"10":6,"11":0,"12":0,"13":0,"14":0,"15":6,"16":0,"17":0,"18":0,"19":0,"20":6,"21":0,"22":0,"23":0,"24":0,"25":6,"26":0,"27":0,"28":0,"29":0,"30":6,"31":0,"32":0,"33":0,"34":0,"35":6,"36":0,"37":0,"38":0,"39":0,"40":6},"f":{"0":0,"1":0,"2":0,"3":0,"4":0,"5":0,"6":0},"b":{}}
,"C:\\Users\\TOMOKI977\\Documents\\FlyPyApp\\BACKEND\\src\\routes\\verificacion.routes.ts": {"path":"C:\\Users\\TOMOKI977\\Documents\\FlyPyApp\\BACKEND\\src\\routes\\verificacion.routes.ts","statementMap":{"0":{"start":{"line":1,"column":0},"end":{"line":1,"column":33}},"1":{"start":{"line":2,"column":0},"end":{"line":2,"column":null}},"2":{"start":{"line":8,"column":15},"end":{"line":8,"column":23}},"3":{"start":{"line":10,"column":0},"end":{"line":17,"column":3}},"4":{"start":{"line":11,"column":2},"end":{"line":16,"column":3}},"5":{"start":{"line":12,"column":4},"end":{"line":12,"column":41}},"6":{"start":{"line":14,"column":4},"end":{"line":14,"column":59}},"7":{"start":{"line":15,"column":4},"end":{"line":15,"column":78}},"8":{"start":{"line":19,"column":0},"end":{"line":26,"column":3}},"9":{"start":{"line":20,"column":2},"end":{"line":25,"column":3}},"10":{"start":{"line":21,"column":4},"end":{"line":21,"column":38}},"11":{"start":{"line":23,"column":4},"end":{"line":23,"column":62}},"12":{"start":{"line":24,"column":4},"end":{"line":24,"column":82}},"13":{"start":{"line":28,"column":0},"end":{"line":35,"column":3}},"14":{"start":{"line":29,"column":2},"end":{"line":34,"column":3}},"15":{"start":{"line":30,"column":4},"end":{"line":30,"column":37}},"16":{"start":{"line":32,"column":4},"end":{"line":32,"column":62}},"17":{"start":{"line":33,"column":4},"end":{"line":33,"column":68}},"18":{"start":{"line":37,"column":0},"end":{"line":37,"column":22}}},"fnMap":{"0":{"name":"(anonymous_0)","decl":{"start":{"line":10,"column":23},"end":{"line":10,"column":28}},"loc":{"start":{"line":10,"column":42},"end":{"line":17,"column":1}}},"1":{"name":"(anonymous_1)","decl":{"start":{"line":19,"column":26},"end":{"line":19,"column":31}},"loc":{"start":{"line":19,"column":45},"end":{"line":26,"column":1}}},"2":{"name":"(anonymous_2)","decl":{"start":{"line":28,"column":26},"end":{"line":28,"column":31}},"loc":{"start":{"line":28,"column":45},"end":{"line":35,"column":1}}}},"branchMap":{},"s":{"0":6,"1":6,"2":6,"3":6,"4":3,"5":3,"6":0,"7":0,"8":6,"9":0,"10":0,"11":0,"12":0,"13":6,"14":0,"15":0,"16":0,"17":0,"18":6},"f":{"0":3,"1":0,"2":0},"b":{}}
,"C:\\Users\\TOMOKI977\\Documents\\FlyPyApp\\BACKEND\\src\\services\\auth.service.ts": {"path":"C:\\Users\\TOMOKI977\\Documents\\FlyPyApp\\BACKEND\\src\\services\\auth.service.ts","statementMap":{"0":{"start":{"line":2,"column":0},"end":{"line":2,"column":39}},"1":{"start":{"line":3,"column":0},"end":{"line":3,"column":45}},"2":{"start":{"line":4,"column":0},"end":{"line":4,"column":28}},"3":{"start":{"line":7,"column":0},"end":{"line":7,"column":58}},"4":{"start":{"line":18,"column":28},"end":{"line":96,"column":1}},"5":{"start":{"line":28,"column":66},"end":{"line":28,"column":70}},"6":{"start":{"line":31,"column":21},"end":{"line":39,"column":4}},"7":{"start":{"line":41,"column":2},"end":{"line":41,"column":81}},"8":{"start":{"line":41,"column":19},"end":{"line":41,"column":81}},"9":{"start":{"line":43,"column":2},"end":{"line":46,"column":5}},"10":{"start":{"line":49,"column":25},"end":{"line":49,"column":56}},"11":{"start":{"line":52,"column":14},"end":{"line":54,"column":10}},"12":{"start":{"line":56,"column":2},"end":{"line":56,"column":55}},"13":{"start":{"line":56,"column":22},"end":{"line":56,"column":55}},"14":{"start":{"line":59,"column":23},"end":{"line":71,"column":4}},"15":{"start":{"line":74,"column":16},"end":{"line":78,"column":null}},"16":{"start":{"line":82,"column":2},"end":{"line":90,"column":5}},"17":{"start":{"line":92,"column":20},"end":{"line":92,"column":68}},"18":{"start":{"line":93,"column":21},"end":{"line":93,"column":66}},"19":{"start":{"line":95,"column":2},"end":{"line":95,"column":62}},"20":{"start":{"line":18,"column":13},"end":{"line":18,"column":28}},"21":{"start":{"line":98,"column":25},"end":{"line":132,"column":1}},"22":{"start":{"line":102,"column":15},"end":{"line":105,"column":4}},"23":{"start":{"line":107,"column":2},"end":{"line":107,"column":73}},"24":{"start":{"line":107,"column":31},"end":{"line":107,"column":73}},"25":{"start":{"line":109,"column":16},"end":{"line":109,"column":66}},"26":{"start":{"line":110,"column":2},"end":{"line":110,"column":56}},"27":{"start":{"line":110,"column":14},"end":{"line":110,"column":56}},"28":{"start":{"line":112,"column":16},"end":{"line":116,"column":null}},"29":{"start":{"line":119,"column":2},"end":{"line":127,"column":5}},"30":{"start":{"line":129,"column":20},"end":{"line":129,"column":52}},"31":{"start":{"line":130,"column":21},"end":{"line":130,"column":66}},"32":{"start":{"line":131,"column":2},"end":{"line":131,"column":48}},"33":{"start":{"line":98,"column":13},"end":{"line":98,"column":25}},"34":{"start":{"line":135,"column":47},"end":{"line":156,"column":1}},"35":{"start":{"line":136,"column":20},"end":{"line":136,"column":24}},"36":{"start":{"line":137,"column":2},"end":{"line":137,"column":72}},"37":{"start":{"line":137,"column":38},"end":{"line":137,"column":72}},"38":{"start":{"line":139,"column":18},"end":{"line":139,"column":71}},"39":{"start":{"line":140,"column":2},"end":{"line":140,"column":55}},"40":{"start":{"line":140,"column":16},"end":{"line":140,"column":55}},"41":{"start":{"line":142,"column":17},"end":{"line":142,"column":71}},"42":{"start":{"line":144,"column":2},"end":{"line":151,"column":5}},"43":{"start":{"line":153,"column":2},"end":{"line":153,"column":49}},"44":{"start":{"line":155,"column":2},"end":{"line":155,"column":49}},"45":{"start":{"line":135,"column":13},"end":{"line":135,"column":47}},"46":{"start":{"line":158,"column":48},"end":{"line":180,"column":1}},"47":{"start":{"line":159,"column":28},"end":{"line":159,"column":32}},"48":{"start":{"line":160,"column":2},"end":{"line":160,"column":57}},"49":{"start":{"line":160,"column":25},"end":{"line":160,"column":57}},"50":{"start":{"line":162,"column":21},"end":{"line":170,"column":4}},"51":{"start":{"line":172,"column":2},"end":{"line":172,"column":65}},"52":{"start":{"line":172,"column":19},"end":{"line":172,"column":65}},"53":{"start":{"line":174,"column":2},"end":{"line":177,"column":5}},"54":{"start":{"line":179,"column":2},"end":{"line":179,"column":69}},"55":{"start":{"line":158,"column":13},"end":{"line":158,"column":48}},"56":{"start":{"line":182,"column":50},"end":{"line":202,"column":1}},"57":{"start":{"line":186,"column":35},"end":{"line":186,"column":39}},"58":{"start":{"line":187,"column":2},"end":{"line":189,"column":3}},"59":{"start":{"line":188,"column":4},"end":{"line":188,"column":39}},"60":{"start":{"line":191,"column":18},"end":{"line":191,"column":71}},"61":{"start":{"line":192,"column":2},"end":{"line":192,"column":57}},"62":{"start":{"line":192,"column":16},"end":{"line":192,"column":57}},"63":{"start":{"line":194,"column":17},"end":{"line":194,"column":53}},"64":{"start":{"line":196,"column":2},"end":{"line":199,"column":5}},"65":{"start":{"line":201,"column":2},"end":{"line":201,"column":61}},"66":{"start":{"line":182,"column":13},"end":{"line":182,"column":50}}},"fnMap":{"0":{"name":"(anonymous_1)","decl":{"start":{"line":18,"column":28},"end":{"line":18,"column":33}},"loc":{"start":{"line":27,"column":25},"end":{"line":96,"column":1}}},"1":{"name":"(anonymous_2)","decl":{"start":{"line":98,"column":25},"end":{"line":98,"column":30}},"loc":{"start":{"line":101,"column":25},"end":{"line":132,"column":1}}},"2":{"name":"(anonymous_3)","decl":{"start":{"line":135,"column":47},"end":{"line":135,"column":52}},"loc":{"start":{"line":135,"column":81},"end":{"line":156,"column":1}}},"3":{"name":"(anonymous_4)","decl":{"start":{"line":158,"column":48},"end":{"line":158,"column":53}},"loc":{"start":{"line":158,"column":98},"end":{"line":180,"column":1}}},"4":{"name":"(anonymous_5)","decl":{"start":{"line":182,"column":50},"end":{"line":182,"column":55}},"loc":{"start":{"line":185,"column":5},"end":{"line":202,"column":1}}}},"branchMap":{"0":{"loc":{"start":{"line":41,"column":2},"end":{"line":41,"column":81}},"type":"if","locations":[{"start":{"line":41,"column":2},"end":{"line":41,"column":81}},{"start":{},"end":{}}]},"1":{"loc":{"start":{"line":52,"column":14},"end":{"line":54,"column":10}},"type":"cond-expr","locations":[{"start":{"line":53,"column":6},"end":{"line":53,"column":56}},{"start":{"line":54,"column":6},"end":{"line":54,"column":10}}]},"2":{"loc":{"start":{"line":56,"column":2},"end":{"line":56,"column":55}},"type":"if","locations":[{"start":{"line":56,"column":2},"end":{"line":56,"column":55}},{"start":{},"end":{}}]},"3":{"loc":{"start":{"line":56,"column":6},"end":{"line":56,"column":20}},"type":"binary-expr","locations":[{"start":{"line":56,"column":6},"end":{"line":56,"column":12}},{"start":{"line":56,"column":16},"end":{"line":56,"column":20}}]},"4":{"loc":{"start":{"line":64,"column":14},"end":{"line":64,"column":33}},"type":"binary-expr","locations":[{"start":{"line":64,"column":14},"end":{"line":64,"column":25}},{"start":{"line":64,"column":29},"end":{"line":64,"column":33}}]},"5":{"loc":{"start":{"line":65,"column":18},"end":{"line":65,"column":35}},"type":"binary-expr","locations":[{"start":{"line":65,"column":18},"end":{"line":65,"column":27}},{"start":{"line":65,"column":31},"end":{"line":65,"column":35}}]},"6":{"loc":{"start":{"line":76,"column":4},"end":{"line":76,"column":40}},"type":"binary-expr","locations":[{"start":{"line":76,"column":4},"end":{"line":76,"column":27}},{"start":{"line":76,"column":31},"end":{"line":76,"column":40}}]},"7":{"loc":{"start":{"line":77,"column":4},"end":{"line":77,"column":36}},"type":"binary-expr","locations":[{"start":{"line":77,"column":4},"end":{"line":77,"column":23}},{"start":{"line":77,"column":27},"end":{"line":77,"column":36}}]},"8":{"loc":{"start":{"line":78,"column":4},"end":{"line":78,"column":48}},"type":"binary-expr","locations":[{"start":{"line":78,"column":4},"end":{"line":78,"column":35}},{"start":{"line":78,"column":39},"end":{"line":78,"column":48}}]},"9":{"loc":{"start":{"line":92,"column":20},"end":{"line":92,"column":68}},"type":"binary-expr","locations":[{"start":{"line":92,"column":20},"end":{"line":92,"column":40}},{"start":{"line":92,"column":44},"end":{"line":92,"column":68}}]},"10":{"loc":{"start":{"line":93,"column":21},"end":{"line":93,"column":66}},"type":"cond-expr","locations":[{"start":{"line":93,"column":33},"end":{"line":93,"column":51}},{"start":{"line":93,"column":54},"end":{"line":93,"column":66}}]},"11":{"loc":{"start":{"line":107,"column":2},"end":{"line":107,"column":73}},"type":"if","locations":[{"start":{"line":107,"column":2},"end":{"line":107,"column":73}},{"start":{},"end":{}}]},"12":{"loc":{"start":{"line":107,"column":6},"end":{"line":107,"column":29}},"type":"binary-expr","locations":[{"start":{"line":107,"column":6},"end":{"line":107,"column":11}},{"start":{"line":107,"column":15},"end":{"line":107,"column":29}}]},"13":{"loc":{"start":{"line":110,"column":2},"end":{"line":110,"column":56}},"type":"if","locations":[{"start":{"line":110,"column":2},"end":{"line":110,"column":56}},{"start":{},"end":{}}]},"14":{"loc":{"start":{"line":114,"column":4},"end":{"line":114,"column":32}},"type":"binary-expr","locations":[{"start":{"line":114,"column":4},"end":{"line":114,"column":19}},{"start":{"line":114,"column":23},"end":{"line":114,"column":32}}]},"15":{"loc":{"start":{"line":115,"column":4},"end":{"line":115,"column":28}},"type":"binary-expr","locations":[{"start":{"line":115,"column":4},"end":{"line":115,"column":15}},{"start":{"line":115,"column":19},"end":{"line":115,"column":28}}]},"16":{"loc":{"start":{"line":116,"column":4},"end":{"line":116,"column":40}},"type":"binary-expr","locations":[{"start":{"line":116,"column":4},"end":{"line":116,"column":27}},{"start":{"line":116,"column":31},"end":{"line":116,"column":40}}]},"17":{"loc":{"start":{"line":129,"column":20},"end":{"line":129,"column":52}},"type":"binary-expr","locations":[{"start":{"line":129,"column":20},"end":{"line":129,"column":32}},{"start":{"line":129,"column":36},"end":{"line":129,"column":52}}]},"18":{"loc":{"start":{"line":130,"column":21},"end":{"line":130,"column":66}},"type":"cond-expr","locations":[{"start":{"line":130,"column":33},"end":{"line":130,"column":51}},{"start":{"line":130,"column":54},"end":{"line":130,"column":66}}]},"19":{"loc":{"start":{"line":137,"column":2},"end":{"line":137,"column":72}},"type":"if","locations":[{"start":{"line":137,"column":2},"end":{"line":137,"column":72}},{"start":{},"end":{}}]},"20":{"loc":{"start":{"line":137,"column":6},"end":{"line":137,"column":36}},"type":"binary-expr","locations":[{"start":{"line":137,"column":6},"end":{"line":137,"column":12}},{"start":{"line":137,"column":16},"end":{"line":137,"column":36}}]},"21":{"loc":{"start":{"line":140,"column":2},"end":{"line":140,"column":55}},"type":"if","locations":[{"start":{"line":140,"column":2},"end":{"line":140,"column":55}},{"start":{},"end":{}}]},"22":{"loc":{"start":{"line":160,"column":2},"end":{"line":160,"column":57}},"type":"if","locations":[{"start":{"line":160,"column":2},"end":{"line":160,"column":57}},{"start":{},"end":{}}]},"23":{"loc":{"start":{"line":160,"column":6},"end":{"line":160,"column":23}},"type":"binary-expr","locations":[{"start":{"line":160,"column":6},"end":{"line":160,"column":12}},{"start":{"line":160,"column":16},"end":{"line":160,"column":23}}]},"24":{"loc":{"start":{"line":172,"column":2},"end":{"line":172,"column":65}},"type":"if","locations":[{"start":{"line":172,"column":2},"end":{"line":172,"column":65}},{"start":{},"end":{}}]},"25":{"loc":{"start":{"line":187,"column":2},"end":{"line":189,"column":3}},"type":"if","locations":[{"start":{"line":187,"column":2},"end":{"line":189,"column":3}},{"start":{},"end":{}}]},"26":{"loc":{"start":{"line":187,"column":6},"end":{"line":187,"column":58}},"type":"binary-expr","locations":[{"start":{"line":187,"column":6},"end":{"line":187,"column":12}},{"start":{"line":187,"column":16},"end":{"line":187,"column":30}},{"start":{"line":187,"column":34},"end":{"line":187,"column":58}}]},"27":{"loc":{"start":{"line":192,"column":2},"end":{"line":192,"column":57}},"type":"if","locations":[{"start":{"line":192,"column":2},"end":{"line":192,"column":57}},{"start":{},"end":{}}]}},"s":{"0":10,"1":10,"2":10,"3":10,"4":10,"5":0,"6":0,"7":0,"8":0,"9":0,"10":0,"11":0,"12":0,"13":0,"14":0,"15":0,"16":0,"17":0,"18":0,"19":0,"20":10,"21":10,"22":4,"23":4,"24":4,"25":0,"26":0,"27":0,"28":0,"29":0,"30":0,"31":0,"32":0,"33":10,"34":10,"35":5,"36":5,"37":2,"38":3,"39":3,"40":1,"41":2,"42":2,"43":2,"44":2,"45":10,"46":10,"47":5,"48":5,"49":2,"50":3,"51":3,"52":1,"53":2,"54":2,"55":10,"56":10,"57":5,"58":5,"59":1,"60":4,"61":4,"62":2,"63":2,"64":2,"65":2,"66":10},"f":{"0":0,"1":4,"2":5,"3":5,"4":5},"b":{"0":[0,0],"1":[0,0],"2":[0,0],"3":[0,0],"4":[0,0],"5":[0,0],"6":[0,0],"7":[0,0],"8":[0,0],"9":[0,0],"10":[0,0],"11":[4,0],"12":[4,0],"13":[0,0],"14":[0,0],"15":[0,0],"16":[0,0],"17":[0,0],"18":[0,0],"19":[2,3],"20":[5,5],"21":[1,2],"22":[2,3],"23":[5,5],"24":[1,2],"25":[1,4],"26":[5,4,4],"27":[2,2]}}
,"C:\\Users\\TOMOKI977\\Documents\\FlyPyApp\\BACKEND\\src\\services\\mailer.service.ts": {"path":"C:\\Users\\TOMOKI977\\Documents\\FlyPyApp\\BACKEND\\src\\services\\mailer.service.ts","statementMap":{"0":{"start":{"line":1,"column":0},"end":{"line":1,"column":39}},"1":{"start":{"line":2,"column":0},"end":{"line":2,"column":54}},"2":{"start":{"line":3,"column":0},"end":{"line":3,"column":28}},"3":{"start":{"line":5,"column":43},"end":{"line":19,"column":1}},"4":{"start":{"line":6,"column":15},"end":{"line":6,"column":58}},"5":{"start":{"line":7,"column":20},"end":{"line":7,"column":57}},"6":{"start":{"line":9,"column":2},"end":{"line":16,"column":5}},"7":{"start":{"line":18,"column":2},"end":{"line":18,"column":43}},"8":{"start":{"line":5,"column":13},"end":{"line":5,"column":43}},"9":{"start":{"line":22,"column":40},"end":{"line":24,"column":1}},"10":{"start":{"line":22,"column":13},"end":{"line":22,"column":40}},"11":{"start":{"line":27,"column":39},"end":{"line":29,"column":1}},"12":{"start":{"line":27,"column":13},"end":{"line":27,"column":39}}},"fnMap":{"0":{"name":"(anonymous_1)","decl":{"start":{"line":5,"column":43},"end":{"line":5,"column":48}},"loc":{"start":{"line":5,"column":67},"end":{"line":19,"column":1}}},"1":{"name":"(anonymous_2)","decl":{"start":{"line":22,"column":40},"end":{"line":22,"column":45}},"loc":{"start":{"line":22,"column":65},"end":{"line":24,"column":1}}},"2":{"name":"(anonymous_3)","decl":{"start":{"line":27,"column":39},"end":{"line":27,"column":44}},"loc":{"start":{"line":27,"column":82},"end":{"line":29,"column":1}}}},"branchMap":{},"s":{"0":7,"1":7,"2":7,"3":7,"4":2,"5":2,"6":2,"7":2,"8":7,"9":7,"10":7,"11":7,"12":7},"f":{"0":2,"1":0,"2":0},"b":{}}
,"C:\\Users\\TOMOKI977\\Documents\\FlyPyApp\\BACKEND\\src\\services\\oauth.service.ts": {"path":"C:\\Users\\TOMOKI977\\Documents\\FlyPyApp\\BACKEND\\src\\services\\oauth.service.ts","statementMap":{"0":{"start":{"line":2,"column":0},"end":{"line":2,"column":26}},"1":{"start":{"line":3,"column":0},"end":{"line":3,"column":39}},"2":{"start":{"line":4,"column":0},"end":{"line":4,"column":45}},"3":{"start":{"line":5,"column":0},"end":{"line":5,"column":62}},"4":{"start":{"line":6,"column":0},"end":{"line":6,"column":68}},"5":{"start":{"line":7,"column":0},"end":{"line":7,"column":68}},"6":{"start":{"line":9,"column":35},"end":{"line":25,"column":1}},"7":{"start":{"line":10,"column":2},"end":{"line":13,"column":3}},"8":{"start":{"line":11,"column":4},"end":{"line":11,"column":97}},"9":{"start":{"line":11,"column":47},"end":{"line":11,"column":97}},"10":{"start":{"line":12,"column":4},"end":{"line":12,"column":177}},"11":{"start":{"line":15,"column":2},"end":{"line":18,"column":3}},"12":{"start":{"line":16,"column":4},"end":{"line":16,"column":103}},"13":{"start":{"line":16,"column":50},"end":{"line":16,"column":103}},"14":{"start":{"line":17,"column":4},"end":{"line":17,"column":189}},"15":{"start":{"line":20,"column":2},"end":{"line":22,"column":3}},"16":{"start":{"line":21,"column":4},"end":{"line":21,"column":182}},"17":{"start":{"line":24,"column":2},"end":{"line":24,"column":50}},"18":{"start":{"line":9,"column":13},"end":{"line":9,"column":35}},"19":{"start":{"line":27,"column":39},"end":{"line":131,"column":1}},"20":{"start":{"line":32,"column":2},"end":{"line":32,"column":53}},"21":{"start":{"line":34,"column":2},"end":{"line":130,"column":3}},"22":{"start":{"line":37,"column":16},"end":{"line":37,"column":18}},"23":{"start":{"line":38,"column":17},"end":{"line":38,"column":19}},"24":{"start":{"line":39,"column":32},"end":{"line":39,"column":36}},"25":{"start":{"line":40,"column":29},"end":{"line":40,"column":33}},"26":{"start":{"line":42,"column":4},"end":{"line":65,"column":5}},"27":{"start":{"line":43,"column":6},"end":{"line":53,"column":8}},"28":{"start":{"line":55,"column":26},"end":{"line":55,"column":52}},"29":{"start":{"line":57,"column":6},"end":{"line":59,"column":9}},"30":{"start":{"line":61,"column":6},"end":{"line":61,"column":37}},"31":{"start":{"line":62,"column":6},"end":{"line":62,"column":84}},"32":{"start":{"line":63,"column":6},"end":{"line":63,"column":48}},"33":{"start":{"line":64,"column":6},"end":{"line":64,"column":41}},"34":{"start":{"line":67,"column":4},"end":{"line":90,"column":5}},"35":{"start":{"line":68,"column":6},"end":{"line":78,"column":8}},"36":{"start":{"line":80,"column":26},"end":{"line":80,"column":52}},"37":{"start":{"line":82,"column":6},"end":{"line":84,"column":9}},"38":{"start":{"line":86,"column":6},"end":{"line":86,"column":74}},"39":{"start":{"line":87,"column":6},"end":{"line":87,"column":60}},"40":{"start":{"line":88,"column":6},"end":{"line":88,"column":20}},"41":{"start":{"line":89,"column":6},"end":{"line":89,"column":40}},"42":{"start":{"line":92,"column":4},"end":{"line":120,"column":5}},"43":{"start":{"line":93,"column":6},"end":{"line":102,"column":8}},"44":{"start":{"line":104,"column":26},"end":{"line":104,"column":52}},"45":{"start":{"line":106,"column":6},"end":{"line":108,"column":9}},"46":{"start":{"line":110,"column":24},"end":{"line":112,"column":8}},"47":{"start":{"line":114,"column":27},"end":{"line":114,"column":90}},"48":{"start":{"line":114,"column":59},"end":{"line":114,"column":82}},"49":{"start":{"line":116,"column":6},"end":{"line":116,"column":61}},"50":{"start":{"line":117,"column":6},"end":{"line":117,"column":79}},"51":{"start":{"line":118,"column":6},"end":{"line":118,"column":51}},"52":{"start":{"line":119,"column":6},"end":{"line":119,"column":44}},"53":{"start":{"line":122,"column":22},"end":{"line":122,"column":86}},"54":{"start":{"line":124,"column":25},"end":{"line":124,"column":76}},"55":{"start":{"line":125,"column":26},"end":{"line":125,"column":73}},"56":{"start":{"line":126,"column":4},"end":{"line":126,"column":39}},"57":{"start":{"line":128,"column":4},"end":{"line":128,"column":60}},"58":{"start":{"line":129,"column":4},"end":{"line":129,"column":82}},"59":{"start":{"line":27,"column":13},"end":{"line":27,"column":39}},"60":{"start":{"line":133,"column":31},"end":{"line":231,"column":1}},"61":{"start":{"line":141,"column":2},"end":{"line":141,"column":74}},"62":{"start":{"line":141,"column":14},"end":{"line":141,"column":74}},"63":{"start":{"line":143,"column":13},"end":{"line":146,"column":4}},"64":{"start":{"line":148,"column":2},"end":{"line":165,"column":3}},"65":{"start":{"line":149,"column":4},"end":{"line":157,"column":7}},"66":{"start":{"line":159,"column":4},"end":{"line":162,"column":7}},"67":{"start":{"line":164,"column":4},"end":{"line":164,"column":63}},"68":{"start":{"line":164,"column":15},"end":{"line":164,"column":63}},"69":{"start":{"line":167,"column":26},"end":{"line":174,"column":4}},"70":{"start":{"line":176,"column":2},"end":{"line":191,"column":3}},"71":{"start":{"line":177,"column":4},"end":{"line":185,"column":7}},"72":{"start":{"line":187,"column":4},"end":{"line":190,"column":7}},"73":{"start":{"line":193,"column":2},"end":{"line":202,"column":3}},"74":{"start":{"line":194,"column":4},"end":{"line":201,"column":7}},"75":{"start":{"line":204,"column":20},"end":{"line":207,"column":4}},"76":{"start":{"line":209,"column":2},"end":{"line":209,"column":81}},"77":{"start":{"line":209,"column":18},"end":{"line":209,"column":81}},"78":{"start":{"line":211,"column":16},"end":{"line":215,"column":null}},"79":{"start":{"line":218,"column":2},"end":{"line":228,"column":3}},"80":{"start":{"line":219,"column":4},"end":{"line":227,"column":7}},"81":{"start":{"line":230,"column":2},"end":{"line":230,"column":19}},"82":{"start":{"line":133,"column":13},"end":{"line":133,"column":31}}},"fnMap":{"0":{"name":"(anonymous_1)","decl":{"start":{"line":9,"column":35},"end":{"line":9,"column":36}},"loc":{"start":{"line":9,"column":91},"end":{"line":25,"column":1}}},"1":{"name":"(anonymous_2)","decl":{"start":{"line":27,"column":39},"end":{"line":27,"column":44}},"loc":{"start":{"line":31,"column":4},"end":{"line":131,"column":1}}},"2":{"name":"(anonymous_3)","decl":{"start":{"line":114,"column":47},"end":{"line":114,"column":48}},"loc":{"start":{"line":114,"column":59},"end":{"line":114,"column":82}}},"3":{"name":"(anonymous_4)","decl":{"start":{"line":133,"column":31},"end":{"line":133,"column":36}},"loc":{"start":{"line":140,"column":32},"end":{"line":231,"column":1}}}},"branchMap":{"0":{"loc":{"start":{"line":10,"column":2},"end":{"line":13,"column":3}},"type":"if","locations":[{"start":{"line":10,"column":2},"end":{"line":13,"column":3}},{"start":{},"end":{}}]},"1":{"loc":{"start":{"line":11,"column":4},"end":{"line":11,"column":97}},"type":"if","locations":[{"start":{"line":11,"column":4},"end":{"line":11,"column":97}},{"start":{},"end":{}}]},"2":{"loc":{"start":{"line":15,"column":2},"end":{"line":18,"column":3}},"type":"if","locations":[{"start":{"line":15,"column":2},"end":{"line":18,"column":3}},{"start":{},"end":{}}]},"3":{"loc":{"start":{"line":16,"column":4},"end":{"line":16,"column":103}},"type":"if","locations":[{"start":{"line":16,"column":4},"end":{"line":16,"column":103}},{"start":{},"end":{}}]},"4":{"loc":{"start":{"line":20,"column":2},"end":{"line":22,"column":3}},"type":"if","locations":[{"start":{"line":20,"column":2},"end":{"line":22,"column":3}},{"start":{},"end":{}}]},"5":{"loc":{"start":{"line":42,"column":4},"end":{"line":65,"column":5}},"type":"if","locations":[{"start":{"line":42,"column":4},"end":{"line":65,"column":5}},{"start":{},"end":{}}]},"6":{"loc":{"start":{"line":62,"column":15},"end":{"line":62,"column":83}},"type":"binary-expr","locations":[{"start":{"line":62,"column":15},"end":{"line":62,"column":36}},{"start":{"line":62,"column":40},"end":{"line":62,"column":67}},{"start":{"line":62,"column":71},"end":{"line":62,"column":83}}]},"7":{"loc":{"start":{"line":63,"column":15},"end":{"line":63,"column":47}},"type":"binary-expr","locations":[{"start":{"line":63,"column":15},"end":{"line":63,"column":39}},{"start":{"line":63,"column":43},"end":{"line":63,"column":47}}]},"8":{"loc":{"start":{"line":64,"column":12},"end":{"line":64,"column":40}},"type":"binary-expr","locations":[{"start":{"line":64,"column":12},"end":{"line":64,"column":32}},{"start":{"line":64,"column":36},"end":{"line":64,"column":40}}]},"9":{"loc":{"start":{"line":67,"column":4},"end":{"line":90,"column":5}},"type":"if","locations":[{"start":{"line":67,"column":4},"end":{"line":90,"column":5}},{"start":{},"end":{}}]},"10":{"loc":{"start":{"line":86,"column":14},"end":{"line":86,"column":73}},"type":"binary-expr","locations":[{"start":{"line":86,"column":14},"end":{"line":86,"column":35}},{"start":{"line":86,"column":39},"end":{"line":86,"column":73}}]},"11":{"loc":{"start":{"line":87,"column":15},"end":{"line":87,"column":59}},"type":"binary-expr","locations":[{"start":{"line":87,"column":15},"end":{"line":87,"column":43}},{"start":{"line":87,"column":47},"end":{"line":87,"column":59}}]},"12":{"loc":{"start":{"line":89,"column":12},"end":{"line":89,"column":39}},"type":"binary-expr","locations":[{"start":{"line":89,"column":12},"end":{"line":89,"column":31}},{"start":{"line":89,"column":35},"end":{"line":89,"column":39}}]},"13":{"loc":{"start":{"line":92,"column":4},"end":{"line":120,"column":5}},"type":"if","locations":[{"start":{"line":92,"column":4},"end":{"line":120,"column":5}},{"start":{},"end":{}}]},"14":{"loc":{"start":{"line":114,"column":59},"end":{"line":114,"column":82}},"type":"binary-expr","locations":[{"start":{"line":114,"column":59},"end":{"line":114,"column":68}},{"start":{"line":114,"column":72},"end":{"line":114,"column":82}}]},"15":{"loc":{"start":{"line":116,"column":14},"end":{"line":116,"column":60}},"type":"binary-expr","locations":[{"start":{"line":116,"column":14},"end":{"line":116,"column":26}},{"start":{"line":116,"column":30},"end":{"line":116,"column":52}},{"start":{"line":116,"column":56},"end":{"line":116,"column":60}}]},"16":{"loc":{"start":{"line":117,"column":15},"end":{"line":117,"column":78}},"type":"binary-expr","locations":[{"start":{"line":117,"column":15},"end":{"line":117,"column":36}},{"start":{"line":117,"column":40},"end":{"line":117,"column":62}},{"start":{"line":117,"column":66},"end":{"line":117,"column":78}}]},"17":{"loc":{"start":{"line":118,"column":15},"end":{"line":118,"column":50}},"type":"binary-expr","locations":[{"start":{"line":118,"column":15},"end":{"line":118,"column":42}},{"start":{"line":118,"column":46},"end":{"line":118,"column":50}}]},"18":{"loc":{"start":{"line":124,"column":25},"end":{"line":124,"column":76}},"type":"binary-expr","locations":[{"start":{"line":124,"column":25},"end":{"line":124,"column":49}},{"start":{"line":124,"column":53},"end":{"line":124,"column":76}}]},"19":{"loc":{"start":{"line":141,"column":2},"end":{"line":141,"column":74}},"type":"if","locations":[{"start":{"line":141,"column":2},"end":{"line":141,"column":74}},{"start":{},"end":{}}]},"20":{"loc":{"start":{"line":148,"column":2},"end":{"line":165,"column":3}},"type":"if","locations":[{"start":{"line":148,"column":2},"end":{"line":165,"column":3}},{"start":{},"end":{}}]},"21":{"loc":{"start":{"line":152,"column":16},"end":{"line":152,"column":38}},"type":"binary-expr","locations":[{"start":{"line":152,"column":16},"end":{"line":152,"column":22}},{"start":{"line":152,"column":26},"end":{"line":152,"column":38}}]},"22":{"loc":{"start":{"line":164,"column":4},"end":{"line":164,"column":63}},"type":"if","locations":[{"start":{"line":164,"column":4},"end":{"line":164,"column":63}},{"start":{},"end":{}}]},"23":{"loc":{"start":{"line":176,"column":2},"end":{"line":191,"column":3}},"type":"if","locations":[{"start":{"line":176,"column":2},"end":{"line":191,"column":3}},{"start":{"line":186,"column":9},"end":{"line":191,"column":3}}]},"24":{"loc":{"start":{"line":181,"column":13},"end":{"line":181,"column":22}},"type":"binary-expr","locations":[{"start":{"line":181,"column":13},"end":{"line":181,"column":16}},{"start":{"line":181,"column":20},"end":{"line":181,"column":22}}]},"25":{"loc":{"start":{"line":193,"column":2},"end":{"line":202,"column":3}},"type":"if","locations":[{"start":{"line":193,"column":2},"end":{"line":202,"column":3}},{"start":{},"end":{}}]},"26":{"loc":{"start":{"line":209,"column":2},"end":{"line":209,"column":81}},"type":"if","locations":[{"start":{"line":209,"column":2},"end":{"line":209,"column":81}},{"start":{},"end":{}}]},"27":{"loc":{"start":{"line":213,"column":4},"end":{"line":213,"column":37}},"type":"binary-expr","locations":[{"start":{"line":213,"column":4},"end":{"line":213,"column":24}},{"start":{"line":213,"column":28},"end":{"line":213,"column":37}}]},"28":{"loc":{"start":{"line":214,"column":4},"end":{"line":214,"column":33}},"type":"binary-expr","locations":[{"start":{"line":214,"column":4},"end":{"line":214,"column":20}},{"start":{"line":214,"column":24},"end":{"line":214,"column":33}}]},"29":{"loc":{"start":{"line":215,"column":4},"end":{"line":215,"column":45}},"type":"binary-expr","locations":[{"start":{"line":215,"column":4},"end":{"line":215,"column":32}},{"start":{"line":215,"column":36},"end":{"line":215,"column":45}}]},"30":{"loc":{"start":{"line":218,"column":2},"end":{"line":228,"column":3}},"type":"if","locations":[{"start":{"line":218,"column":2},"end":{"line":228,"column":3}},{"start":{},"end":{}}]}},"s":{"0":6,"1":6,"2":6,"3":6,"4":6,"5":6,"6":6,"7":3,"8":1,"9":0,"10":1,"11":2,"12":1,"13":0,"14":1,"15":1,"16":1,"17":0,"18":6,"19":6,"20":0,"21":0,"22":0,"23":0,"24":0,"25":0,"26":0,"27":0,"28":0,"29":0,"30":0,"31":0,"32":0,"33":0,"34":0,"35":0,"36":0,"37":0,"38":0,"39":0,"40":0,"41":0,"42":0,"43":0,"44":0,"45":0,"46":0,"47":0,"48":0,"49":0,"50":0,"51":0,"52":0,"53":0,"54":0,"55":0,"56":0,"57":0,"58":0,"59":6,"60":6,"61":0,"62":0,"63":0,"64":0,"65":0,"66":0,"67":0,"68":0,"69":0,"70":0,"71":0,"72":0,"73":0,"74":0,"75":0,"76":0,"77":0,"78":0,"79":0,"80":0,"81":0,"82":6},"f":{"0":3,"1":0,"2":0,"3":0},"b":{"0":[1,2],"1":[0,1],"2":[1,1],"3":[0,1],"4":[1,0],"5":[0,0],"6":[0,0,0],"7":[0,0],"8":[0,0],"9":[0,0],"10":[0,0],"11":[0,0],"12":[0,0],"13":[0,0],"14":[0,0],"15":[0,0,0],"16":[0,0,0],"17":[0,0],"18":[0,0],"19":[0,0],"20":[0,0],"21":[0,0],"22":[0,0],"23":[0,0],"24":[0,0],"25":[0,0],"26":[0,0],"27":[0,0],"28":[0,0],"29":[0,0],"30":[0,0]}}
,"C:\\Users\\TOMOKI977\\Documents\\FlyPyApp\\BACKEND\\src\\services\\usuario.service.ts": {"path":"C:\\Users\\TOMOKI977\\Documents\\FlyPyApp\\BACKEND\\src\\services\\usuario.service.ts","statementMap":{"0":{"start":{"line":1,"column":0},"end":{"line":1,"column":39}},"1":{"start":{"line":3,"column":0},"end":{"line":3,"column":41}},"2":{"start":{"line":4,"column":0},"end":{"line":4,"column":45}},"3":{"start":{"line":5,"column":0},"end":{"line":5,"column":28}},"4":{"start":{"line":7,"column":34},"end":{"line":23,"column":1}},"5":{"start":{"line":8,"column":15},"end":{"line":8,"column":23}},"6":{"start":{"line":9,"column":2},"end":{"line":11,"column":3}},"7":{"start":{"line":10,"column":4},"end":{"line":10,"column":60}},"8":{"start":{"line":13,"column":2},"end":{"line":22,"column":5}},"9":{"start":{"line":7,"column":13},"end":{"line":7,"column":34}},"10":{"start":{"line":45,"column":32},"end":{"line":76,"column":1}},"11":{"start":{"line":46,"column":25},"end":{"line":46,"column":33}},"12":{"start":{"line":47,"column":17},"end":{"line":47,"column":37}},"13":{"start":{"line":49,"column":2},"end":{"line":51,"column":3}},"14":{"start":{"line":50,"column":4},"end":{"line":50,"column":53}},"15":{"start":{"line":53,"column":14},"end":{"line":53,"column":74}},"16":{"start":{"line":54,"column":2},"end":{"line":54,"column":69}},"17":{"start":{"line":54,"column":12},"end":{"line":54,"column":69}},"18":{"start":{"line":56,"column":29},"end":{"line":66,"column":4}},"19":{"start":{"line":68,"column":16},"end":{"line":72,"column":null}},"20":{"start":{"line":75,"column":2},"end":{"line":75,"column":45}},"21":{"start":{"line":45,"column":13},"end":{"line":45,"column":32}},"22":{"start":{"line":79,"column":32},"end":{"line":82,"column":1}},"23":{"start":{"line":80,"column":17},"end":{"line":80,"column":37}},"24":{"start":{"line":81,"column":2},"end":{"line":81,"column":75}},"25":{"start":{"line":79,"column":13},"end":{"line":79,"column":32}},"26":{"start":{"line":84,"column":35},"end":{"line":106,"column":1}},"27":{"start":{"line":85,"column":17},"end":{"line":85,"column":37}},"28":{"start":{"line":86,"column":2},"end":{"line":86,"column":57}},"29":{"start":{"line":86,"column":15},"end":{"line":86,"column":57}},"30":{"start":{"line":88,"column":43},"end":{"line":88,"column":51}},"31":{"start":{"line":90,"column":2},"end":{"line":93,"column":5}},"32":{"start":{"line":95,"column":2},"end":{"line":103,"column":5}},"33":{"start":{"line":105,"column":2},"end":{"line":105,"column":27}},"34":{"start":{"line":84,"column":13},"end":{"line":84,"column":35}},"35":{"start":{"line":108,"column":37},"end":{"line":120,"column":1}},"36":{"start":{"line":109,"column":17},"end":{"line":109,"column":37}},"37":{"start":{"line":110,"column":28},"end":{"line":110,"column":36}},"38":{"start":{"line":112,"column":17},"end":{"line":112,"column":53}},"39":{"start":{"line":114,"column":2},"end":{"line":117,"column":5}},"40":{"start":{"line":119,"column":2},"end":{"line":119,"column":27}},"41":{"start":{"line":108,"column":13},"end":{"line":108,"column":37}},"42":{"start":{"line":122,"column":35},"end":{"line":174,"column":1}},"43":{"start":{"line":123,"column":15},"end":{"line":123,"column":23}},"44":{"start":{"line":124,"column":2},"end":{"line":124,"column":47}},"45":{"start":{"line":124,"column":13},"end":{"line":124,"column":47}},"46":{"start":{"line":126,"column":15},"end":{"line":131,"column":4}},"47":{"start":{"line":133,"column":23},"end":{"line":133,"column":25}},"48":{"start":{"line":135,"column":2},"end":{"line":171,"column":3}},"49":{"start":{"line":137,"column":6},"end":{"line":140,"column":8}},"50":{"start":{"line":141,"column":6},"end":{"line":141,"column":12}},"51":{"start":{"line":143,"column":6},"end":{"line":146,"column":8}},"52":{"start":{"line":147,"column":6},"end":{"line":147,"column":12}},"53":{"start":{"line":149,"column":6},"end":{"line":152,"column":8}},"54":{"start":{"line":153,"column":6},"end":{"line":153,"column":12}},"55":{"start":{"line":155,"column":6},"end":{"line":158,"column":8}},"56":{"start":{"line":159,"column":6},"end":{"line":159,"column":12}},"57":{"start":{"line":161,"column":6},"end":{"line":164,"column":8}},"58":{"start":{"line":165,"column":6},"end":{"line":165,"column":12}},"59":{"start":{"line":167,"column":6},"end":{"line":170,"column":8}},"60":{"start":{"line":173,"column":2},"end":{"line":173,"column":32}},"61":{"start":{"line":122,"column":13},"end":{"line":122,"column":35}},"62":{"start":{"line":176,"column":34},"end":{"line":178,"column":1}},"63":{"start":{"line":177,"column":2},"end":{"line":177,"column":58}},"64":{"start":{"line":176,"column":13},"end":{"line":176,"column":34}}},"fnMap":{"0":{"name":"(anonymous_1)","decl":{"start":{"line":7,"column":34},"end":{"line":7,"column":39}},"loc":{"start":{"line":7,"column":70},"end":{"line":23,"column":1}}},"1":{"name":"(anonymous_2)","decl":{"start":{"line":45,"column":32},"end":{"line":45,"column":37}},"loc":{"start":{"line":45,"column":68},"end":{"line":76,"column":1}}},"2":{"name":"(anonymous_3)","decl":{"start":{"line":79,"column":32},"end":{"line":79,"column":37}},"loc":{"start":{"line":79,"column":68},"end":{"line":82,"column":1}}},"3":{"name":"(anonymous_4)","decl":{"start":{"line":84,"column":35},"end":{"line":84,"column":40}},"loc":{"start":{"line":84,"column":71},"end":{"line":106,"column":1}}},"4":{"name":"(anonymous_5)","decl":{"start":{"line":108,"column":37},"end":{"line":108,"column":42}},"loc":{"start":{"line":108,"column":73},"end":{"line":120,"column":1}}},"5":{"name":"(anonymous_6)","decl":{"start":{"line":122,"column":35},"end":{"line":122,"column":40}},"loc":{"start":{"line":122,"column":71},"end":{"line":174,"column":1}}},"6":{"name":"(anonymous_7)","decl":{"start":{"line":176,"column":34},"end":{"line":176,"column":39}},"loc":{"start":{"line":176,"column":45},"end":{"line":178,"column":1}}}},"branchMap":{"0":{"loc":{"start":{"line":9,"column":2},"end":{"line":11,"column":3}},"type":"if","locations":[{"start":{"line":9,"column":2},"end":{"line":11,"column":3}},{"start":{},"end":{}}]},"1":{"loc":{"start":{"line":9,"column":52},"end":{"line":9,"column":74}},"type":"binary-expr","locations":[{"start":{"line":9,"column":52},"end":{"line":9,"column":68}},{"start":{"line":9,"column":72},"end":{"line":9,"column":74}}]},"2":{"loc":{"start":{"line":49,"column":2},"end":{"line":51,"column":3}},"type":"if","locations":[{"start":{"line":49,"column":2},"end":{"line":51,"column":3}},{"start":{},"end":{}}]},"3":{"loc":{"start":{"line":49,"column":6},"end":{"line":49,"column":65}},"type":"binary-expr","locations":[{"start":{"line":49,"column":6},"end":{"line":49,"column":17}},{"start":{"line":49,"column":21},"end":{"line":49,"column":65}}]},"4":{"loc":{"start":{"line":54,"column":2},"end":{"line":54,"column":69}},"type":"if","locations":[{"start":{"line":54,"column":2},"end":{"line":54,"column":69}},{"start":{},"end":{}}]},"5":{"loc":{"start":{"line":70,"column":4},"end":{"line":70,"column":46}},"type":"binary-expr","locations":[{"start":{"line":70,"column":4},"end":{"line":70,"column":33}},{"start":{"line":70,"column":37},"end":{"line":70,"column":46}}]},"6":{"loc":{"start":{"line":71,"column":4},"end":{"line":71,"column":42}},"type":"binary-expr","locations":[{"start":{"line":71,"column":4},"end":{"line":71,"column":29}},{"start":{"line":71,"column":33},"end":{"line":71,"column":42}}]},"7":{"loc":{"start":{"line":72,"column":4},"end":{"line":72,"column":54}},"type":"binary-expr","locations":[{"start":{"line":72,"column":4},"end":{"line":72,"column":41}},{"start":{"line":72,"column":45},"end":{"line":72,"column":54}}]},"8":{"loc":{"start":{"line":86,"column":2},"end":{"line":86,"column":57}},"type":"if","locations":[{"start":{"line":86,"column":2},"end":{"line":86,"column":57}},{"start":{},"end":{}}]},"9":{"loc":{"start":{"line":124,"column":2},"end":{"line":124,"column":47}},"type":"if","locations":[{"start":{"line":124,"column":2},"end":{"line":124,"column":47}},{"start":{},"end":{}}]},"10":{"loc":{"start":{"line":135,"column":2},"end":{"line":171,"column":3}},"type":"switch","locations":[{"start":{"line":136,"column":4},"end":{"line":141,"column":12}},{"start":{"line":142,"column":4},"end":{"line":147,"column":12}},{"start":{"line":148,"column":4},"end":{"line":153,"column":12}},{"start":{"line":154,"column":4},"end":{"line":159,"column":12}},{"start":{"line":160,"column":4},"end":{"line":165,"column":12}},{"start":{"line":166,"column":4},"end":{"line":170,"column":8}}]}},"s":{"0":7,"1":7,"2":7,"3":7,"4":7,"5":0,"6":0,"7":0,"8":0,"9":7,"10":7,"11":0,"12":0,"13":0,"14":0,"15":0,"16":0,"17":0,"18":0,"19":0,"20":0,"21":7,"22":7,"23":0,"24":0,"25":7,"26":7,"27":1,"28":1,"29":0,"30":1,"31":1,"32":1,"33":1,"34":7,"35":7,"36":1,"37":1,"38":1,"39":1,"40":1,"41":7,"42":7,"43":1,"44":1,"45":0,"46":1,"47":1,"48":1,"49":1,"50":1,"51":0,"52":0,"53":0,"54":0,"55":0,"56":0,"57":0,"58":0,"59":0,"60":1,"61":7,"62":7,"63":0,"64":7},"f":{"0":0,"1":0,"2":0,"3":1,"4":1,"5":1,"6":0},"b":{"0":[0,0],"1":[0,0],"2":[0,0],"3":[0,0],"4":[0,0],"5":[0,0],"6":[0,0],"7":[0,0],"8":[0,1],"9":[0,1],"10":[1,0,0,0,0,0]}}
,"C:\\Users\\TOMOKI977\\Documents\\FlyPyApp\\BACKEND\\src\\utils\\jwt.ts": {"path":"C:\\Users\\TOMOKI977\\Documents\\FlyPyApp\\BACKEND\\src\\utils\\jwt.ts","statementMap":{"0":{"start":{"line":2,"column":0},"end":{"line":2,"column":31}},"1":{"start":{"line":4,"column":15},"end":{"line":4,"column":53}},"2":{"start":{"line":6,"column":29},"end":{"line":17,"column":1}},"3":{"start":{"line":12,"column":2},"end":{"line":16,"column":4}},"4":{"start":{"line":6,"column":13},"end":{"line":6,"column":29}},"5":{"start":{"line":19,"column":27},"end":{"line":28,"column":1}},"6":{"start":{"line":20,"column":2},"end":{"line":27,"column":4}},"7":{"start":{"line":19,"column":13},"end":{"line":19,"column":27}}},"fnMap":{"0":{"name":"(anonymous_1)","decl":{"start":{"line":6,"column":29},"end":{"line":6,"column":null}},"loc":{"start":{"line":11,"column":4},"end":{"line":17,"column":1}}},"1":{"name":"(anonymous_2)","decl":{"start":{"line":19,"column":27},"end":{"line":19,"column":28}},"loc":{"start":{"line":19,"column":45},"end":{"line":28,"column":1}}}},"branchMap":{"0":{"loc":{"start":{"line":4,"column":15},"end":{"line":4,"column":53}},"type":"binary-expr","locations":[{"start":{"line":4,"column":15},"end":{"line":4,"column":37}},{"start":{"line":4,"column":41},"end":{"line":4,"column":53}}]}},"s":{"0":12,"1":12,"2":12,"3":0,"4":12,"5":12,"6":8,"7":12},"f":{"0":0,"1":8},"b":{"0":[12,5]}}
,"C:\\Users\\TOMOKI977\\Documents\\FlyPyApp\\BACKEND\\src\\validators\\login.validator.ts": {"path":"C:\\Users\\TOMOKI977\\Documents\\FlyPyApp\\BACKEND\\src\\validators\\login.validator.ts","statementMap":{"0":{"start":{"line":1,"column":0},"end":{"line":1,"column":24}},"1":{"start":{"line":3,"column":13},"end":{"line":6,"column":3}}},"fnMap":{},"branchMap":{},"s":{"0":6,"1":6},"f":{},"b":{}}
,"C:\\Users\\TOMOKI977\\Documents\\FlyPyApp\\BACKEND\\src\\validators\\register.validator.ts": {"path":"C:\\Users\\TOMOKI977\\Documents\\FlyPyApp\\BACKEND\\src\\validators\\register.validator.ts","statementMap":{"0":{"start":{"line":1,"column":0},"end":{"line":1,"column":24}},"1":{"start":{"line":3,"column":13},"end":{"line":7,"column":3}}},"fnMap":{},"branchMap":{},"s":{"0":6,"1":6},"f":{},"b":{}}
}
