TN:
SF:src\server.ts
FN:15,(anonymous_1)
FN:24,(anonymous_2)
FN:26,(anonymous_3)
FNF:3
FNH:1
FNDA:0,(anonymous_1)
FNDA:2,(anonymous_2)
FNDA:0,(anonymous_3)
DA:1,6
DA:2,6
DA:3,6
DA:5,6
DA:6,6
DA:7,6
DA:8,6
DA:10,6
DA:12,6
DA:13,6
DA:15,6
DA:16,0
DA:19,6
DA:20,6
DA:21,6
DA:22,6
DA:24,6
DA:26,6
DA:27,0
DA:28,0
DA:31,6
LF:21
LH:18
BRDA:28,0,0,0
BRDA:28,0,1,0
BRDA:28,1,0,0
BRDA:28,1,1,0
BRF:4
BRH:0
end_of_record
TN:
SF:src\config\clients\githubClient.ts
FNF:0
FNH:0
DA:1,6
LF:1
LH:1
BRF:0
BRH:0
end_of_record
TN:
SF:src\config\clients\googleClient.ts
FN:5,(anonymous_1)
FNF:1
FNH:0
FNDA:0,(anonymous_1)
DA:1,5
DA:5,5
DA:6,0
DA:8,0
LF:4
LH:2
BRF:0
BRH:0
end_of_record
TN:
SF:src\config\clients\microsoftClient.ts
FN:5,(anonymous_1)
FNF:1
FNH:0
FNDA:0,(anonymous_1)
DA:1,5
DA:5,5
DA:6,0
DA:10,0
LF:4
LH:2
BRF:0
BRH:0
end_of_record
TN:
SF:src\controllers\auth.controller.ts
FN:8,(anonymous_0)
FN:18,(anonymous_1)
FN:23,(anonymous_2)
FN:28,(anonymous_3)
FN:38,(anonymous_4)
FN:48,(anonymous_5)
FNF:6
FNH:5
FNDA:0,(anonymous_0)
FNDA:4,(anonymous_1)
FNDA:1,(anonymous_2)
FNDA:1,(anonymous_3)
FNDA:1,(anonymous_4)
FNDA:1,(anonymous_5)
DA:2,6
DA:8,6
DA:9,0
DA:10,0
DA:11,0
DA:13,0
DA:14,0
DA:18,6
DA:19,4
DA:20,0
DA:23,6
DA:24,1
DA:25,1
DA:28,6
DA:29,1
DA:30,1
DA:31,0
DA:33,1
DA:34,1
DA:38,6
DA:39,1
DA:40,1
DA:41,0
DA:43,1
DA:44,1
DA:48,6
DA:49,1
DA:50,1
DA:51,0
DA:53,1
DA:54,1
LF:31
LH:22
BRDA:14,0,0,0
BRDA:14,0,1,0
BRDA:34,1,0,1
BRDA:34,1,1,0
BRDA:44,2,0,1
BRDA:44,2,1,0
BRDA:54,3,0,1
BRDA:54,3,1,0
BRF:8
BRH:3
end_of_record
TN:
SF:src\controllers\mailer.controller.ts
FN:8,(anonymous_0)
FN:24,(anonymous_1)
FN:29,(anonymous_2)
FNF:3
FNH:1
FNDA:3,(anonymous_0)
FNDA:0,(anonymous_1)
FNDA:0,(anonymous_2)
DA:2,6
DA:8,6
DA:9,3
DA:10,3
DA:11,2
DA:14,1
DA:15,1
DA:16,1
DA:18,0
DA:19,0
DA:24,6
DA:25,0
DA:29,6
DA:30,0
LF:14
LH:10
BRDA:10,0,0,2
BRDA:10,0,1,1
BRDA:10,1,0,3
BRDA:10,1,1,2
BRF:4
BRH:4
end_of_record
TN:
SF:src\controllers\oauth.controller.ts
FN:4,(anonymous_0)
FN:8,(anonymous_1)
FN:12,(anonymous_2)
FNF:3
FNH:0
FNDA:0,(anonymous_0)
FNDA:0,(anonymous_1)
FNDA:0,(anonymous_2)
DA:2,6
DA:4,6
DA:5,0
DA:8,6
DA:9,0
DA:12,6
DA:13,0
LF:7
LH:4
BRF:0
BRH:0
end_of_record
TN:
SF:src\controllers\usuario.controller.ts
FN:12,(anonymous_0)
FN:22,(anonymous_1)
FN:32,(anonymous_2)
FN:42,(anonymous_3)
FN:52,(anonymous_4)
FN:62,(anonymous_5)
FN:72,(anonymous_6)
FNF:7
FNH:0
FNDA:0,(anonymous_0)
FNDA:0,(anonymous_1)
FNDA:0,(anonymous_2)
FNDA:0,(anonymous_3)
FNDA:0,(anonymous_4)
FNDA:0,(anonymous_5)
FNDA:0,(anonymous_6)
DA:2,6
DA:12,6
DA:13,0
DA:14,0
DA:15,0
DA:17,0
DA:18,0
DA:22,6
DA:23,0
DA:24,0
DA:25,0
DA:27,0
DA:28,0
DA:32,6
DA:33,0
DA:34,0
DA:35,0
DA:37,0
DA:38,0
DA:42,6
DA:43,0
DA:44,0
DA:45,0
DA:47,0
DA:48,0
DA:52,6
DA:53,0
DA:54,0
DA:55,0
DA:57,0
DA:58,0
DA:62,6
DA:63,0
DA:64,0
DA:65,0
DA:67,0
DA:68,0
DA:72,6
DA:73,0
DA:74,0
DA:75,0
DA:77,0
DA:78,0
LF:43
LH:8
BRDA:18,0,0,0
BRDA:18,0,1,0
BRDA:28,1,0,0
BRDA:28,1,1,0
BRDA:38,2,0,0
BRDA:38,2,1,0
BRDA:48,3,0,0
BRDA:48,3,1,0
BRDA:58,4,0,0
BRDA:58,4,1,0
BRDA:68,5,0,0
BRDA:68,5,1,0
BRDA:78,6,0,0
BRDA:78,6,1,0
BRF:14
BRH:0
end_of_record
TN:
SF:src\lib\mailer.ts
FN:14,(anonymous_1)
FN:29,(anonymous_2)
FNF:2
FNH:1
FNDA:1,(anonymous_1)
FNDA:0,(anonymous_2)
DA:1,8
DA:2,8
DA:4,8
DA:14,8
DA:15,1
DA:21,1
DA:29,8
DA:30,0
DA:36,0
LF:9
LH:7
BRF:0
BRH:0
end_of_record
TN:
SF:src\lib\template\email.template.ts
FN:1,(anonymous_0)
FNF:1
FNH:1
FNDA:1,(anonymous_0)
DA:1,8
DA:14,1
LF:2
LH:2
BRDA:5,0,0,1
BRDA:6,1,0,1
BRDA:77,2,0,1
BRDA:77,2,1,0
BRF:4
BRH:3
end_of_record
TN:
SF:src\middlewares\authenticate.middleware.ts
FN:7,(anonymous_0)
FNF:1
FNH:1
FNDA:9,(anonymous_0)
DA:3,6
DA:4,6
DA:7,6
DA:12,9
DA:13,9
DA:14,9
DA:15,8
DA:16,8
DA:17,8
DA:18,8
DA:20,8
DA:25,8
DA:28,0
DA:35,0
DA:37,0
LF:15
LH:12
BRDA:14,0,0,1
BRDA:14,0,1,8
BRDA:18,1,0,0
BRDA:18,1,1,8
BRDA:25,2,0,8
BRDA:25,2,1,0
BRDA:30,3,0,0
BRDA:30,3,1,0
BRDA:31,4,0,0
BRDA:31,4,1,0
BRDA:32,5,0,0
BRDA:32,5,1,0
BRF:12
BRH:4
end_of_record
TN:
SF:src\middlewares\requireRol.middleware.ts
FN:12,(anonymous_0)
FN:21,(anonymous_1)
FN:22,(anonymous_2)
FNF:3
FNH:1
FNDA:0,(anonymous_0)
FNDA:6,(anonymous_1)
FNDA:0,(anonymous_2)
DA:12,6
DA:13,0
DA:14,0
DA:15,0
DA:16,0
DA:21,6
DA:22,6
DA:23,0
DA:24,0
DA:25,0
DA:27,0
LF:11
LH:3
BRDA:13,0,0,0
BRDA:13,0,1,0
BRDA:14,1,0,0
BRDA:14,1,1,0
BRDA:15,2,0,0
BRDA:15,2,1,0
BRDA:24,3,0,0
BRDA:24,3,1,0
BRDA:24,4,0,0
BRDA:24,4,1,0
BRF:10
BRH:0
end_of_record
TN:
SF:src\middlewares\validate.middleware.ts
FN:4,(anonymous_0)
FN:5,(anonymous_1)
FNF:2
FNH:2
FNDA:12,(anonymous_0)
FNDA:4,(anonymous_1)
DA:4,6
DA:5,12
DA:6,4
DA:7,4
DA:8,0
DA:11,4
DA:12,4
LF:7
LH:6
BRDA:7,0,0,0
BRDA:7,0,1,4
BRF:2
BRH:1
end_of_record
TN:
SF:src\routes\auth.routes.ts
FN:9,(anonymous_0)
FN:18,(anonymous_1)
FN:27,(anonymous_2)
FN:36,(anonymous_3)
FN:45,(anonymous_4)
FN:54,(anonymous_5)
FNF:6
FNH:5
FNDA:0,(anonymous_0)
FNDA:4,(anonymous_1)
FNDA:1,(anonymous_2)
FNDA:1,(anonymous_3)
FNDA:1,(anonymous_4)
FNDA:1,(anonymous_5)
DA:1,6
DA:2,6
DA:3,6
DA:4,6
DA:5,6
DA:7,6
DA:9,6
DA:10,0
DA:11,0
DA:13,0
DA:14,0
DA:18,6
DA:19,4
DA:20,4
DA:22,4
DA:23,4
DA:27,6
DA:28,1
DA:29,1
DA:31,0
DA:32,0
DA:36,6
DA:37,1
DA:38,1
DA:40,0
DA:41,0
DA:45,6
DA:46,1
DA:47,1
DA:49,0
DA:50,0
DA:54,6
DA:55,1
DA:56,1
DA:58,0
DA:59,0
DA:64,6
LF:37
LH:25
BRF:0
BRH:0
end_of_record
TN:
SF:src\routes\oauth.routes.ts
FN:11,(anonymous_0)
FN:24,(anonymous_1)
FN:37,(anonymous_2)
FNF:3
FNH:3
FNDA:1,(anonymous_0)
FNDA:1,(anonymous_1)
FNDA:1,(anonymous_2)
DA:1,6
DA:2,6
DA:7,6
DA:9,6
DA:11,6
DA:12,1
DA:13,1
DA:14,1
DA:15,1
DA:17,0
DA:18,0
DA:22,6
DA:24,6
DA:25,1
DA:26,1
DA:27,1
DA:28,1
DA:30,0
DA:31,0
DA:35,6
DA:37,6
DA:38,1
DA:39,1
DA:40,1
DA:41,1
DA:43,0
DA:44,0
DA:48,6
DA:50,6
LF:29
LH:23
BRF:0
BRH:0
end_of_record
TN:
SF:src\routes\usuario.routes.ts
FN:9,(anonymous_0)
FN:18,(anonymous_1)
FN:27,(anonymous_2)
FN:36,(anonymous_3)
FN:45,(anonymous_4)
FN:55,(anonymous_5)
FN:64,(anonymous_6)
FNF:7
FNH:0
FNDA:0,(anonymous_0)
FNDA:0,(anonymous_1)
FNDA:0,(anonymous_2)
FNDA:0,(anonymous_3)
FNDA:0,(anonymous_4)
FNDA:0,(anonymous_5)
FNDA:0,(anonymous_6)
DA:1,6
DA:2,6
DA:3,6
DA:4,6
DA:7,6
DA:9,6
DA:10,0
DA:11,0
DA:13,0
DA:14,0
DA:18,6
DA:19,0
DA:20,0
DA:22,0
DA:23,0
DA:27,6
DA:28,0
DA:29,0
DA:31,0
DA:32,0
DA:36,6
DA:37,0
DA:38,0
DA:40,0
DA:41,0
DA:45,6
DA:46,0
DA:47,0
DA:49,0
DA:50,0
DA:55,6
DA:56,0
DA:57,0
DA:59,0
DA:60,0
DA:64,6
DA:65,0
DA:66,0
DA:68,0
DA:69,0
DA:73,6
LF:41
LH:13
BRF:0
BRH:0
end_of_record
TN:
SF:src\routes\verificacion.routes.ts
FN:10,(anonymous_0)
FN:19,(anonymous_1)
FN:28,(anonymous_2)
FNF:3
FNH:1
FNDA:3,(anonymous_0)
FNDA:0,(anonymous_1)
FNDA:0,(anonymous_2)
DA:1,6
DA:2,6
DA:8,6
DA:10,6
DA:11,3
DA:12,3
DA:14,0
DA:15,0
DA:19,6
DA:20,0
DA:21,0
DA:23,0
DA:24,0
DA:28,6
DA:29,0
DA:30,0
DA:32,0
DA:33,0
DA:37,6
LF:19
LH:9
BRF:0
BRH:0
end_of_record
TN:
SF:src\services\auth.service.ts
FN:18,(anonymous_1)
FN:98,(anonymous_2)
FN:135,(anonymous_3)
FN:158,(anonymous_4)
FN:182,(anonymous_5)
FNF:5
FNH:4
FNDA:0,(anonymous_1)
FNDA:4,(anonymous_2)
FNDA:5,(anonymous_3)
FNDA:5,(anonymous_4)
FNDA:5,(anonymous_5)
DA:2,10
DA:3,10
DA:4,10
DA:7,10
DA:18,10
DA:28,0
DA:31,0
DA:41,0
DA:43,0
DA:49,0
DA:52,0
DA:56,0
DA:59,0
DA:74,0
DA:82,0
DA:92,0
DA:93,0
DA:95,0
DA:98,10
DA:102,4
DA:107,4
DA:109,0
DA:110,0
DA:112,0
DA:119,0
DA:129,0
DA:130,0
DA:131,0
DA:135,10
DA:136,5
DA:137,5
DA:139,3
DA:140,3
DA:142,2
DA:144,2
DA:153,2
DA:155,2
DA:158,10
DA:159,5
DA:160,5
DA:162,3
DA:172,3
DA:174,2
DA:179,2
DA:182,10
DA:186,5
DA:187,5
DA:188,1
DA:191,4
DA:192,4
DA:194,2
DA:196,2
DA:201,2
LF:53
LH:33
BRDA:41,0,0,0
BRDA:41,0,1,0
BRDA:52,1,0,0
BRDA:52,1,1,0
BRDA:56,2,0,0
BRDA:56,2,1,0
BRDA:56,3,0,0
BRDA:56,3,1,0
BRDA:64,4,0,0
BRDA:64,4,1,0
BRDA:65,5,0,0
BRDA:65,5,1,0
BRDA:76,6,0,0
BRDA:76,6,1,0
BRDA:77,7,0,0
BRDA:77,7,1,0
BRDA:78,8,0,0
BRDA:78,8,1,0
BRDA:92,9,0,0
BRDA:92,9,1,0
BRDA:93,10,0,0
BRDA:93,10,1,0
BRDA:107,11,0,4
BRDA:107,11,1,0
BRDA:107,12,0,4
BRDA:107,12,1,0
BRDA:110,13,0,0
BRDA:110,13,1,0
BRDA:114,14,0,0
BRDA:114,14,1,0
BRDA:115,15,0,0
BRDA:115,15,1,0
BRDA:116,16,0,0
BRDA:116,16,1,0
BRDA:129,17,0,0
BRDA:129,17,1,0
BRDA:130,18,0,0
BRDA:130,18,1,0
BRDA:137,19,0,2
BRDA:137,19,1,3
BRDA:137,20,0,5
BRDA:137,20,1,5
BRDA:140,21,0,1
BRDA:140,21,1,2
BRDA:160,22,0,2
BRDA:160,22,1,3
BRDA:160,23,0,5
BRDA:160,23,1,5
BRDA:172,24,0,1
BRDA:172,24,1,2
BRDA:187,25,0,1
BRDA:187,25,1,4
BRDA:187,26,0,5
BRDA:187,26,1,4
BRDA:187,26,2,4
BRDA:192,27,0,2
BRDA:192,27,1,2
BRF:57
BRH:21
end_of_record
TN:
SF:src\services\mailer.service.ts
FN:5,(anonymous_1)
FN:22,(anonymous_2)
FN:27,(anonymous_3)
FNF:3
FNH:1
FNDA:2,(anonymous_1)
FNDA:0,(anonymous_2)
FNDA:0,(anonymous_3)
DA:1,7
DA:2,7
DA:3,7
DA:5,7
DA:6,2
DA:7,2
DA:9,2
DA:18,2
DA:22,7
DA:27,7
LF:10
LH:10
BRF:0
BRH:0
end_of_record
TN:
SF:src\services\oauth.service.ts
FN:9,(anonymous_1)
FN:27,(anonymous_2)
FN:114,(anonymous_3)
FN:133,(anonymous_4)
FNF:4
FNH:1
FNDA:3,(anonymous_1)
FNDA:0,(anonymous_2)
FNDA:0,(anonymous_3)
FNDA:0,(anonymous_4)
DA:2,6
DA:3,6
DA:4,6
DA:5,6
DA:6,6
DA:7,6
DA:9,6
DA:10,3
DA:11,1
DA:12,1
DA:15,2
DA:16,1
DA:17,1
DA:20,1
DA:21,1
DA:24,0
DA:27,6
DA:32,0
DA:34,0
DA:37,0
DA:38,0
DA:39,0
DA:40,0
DA:42,0
DA:43,0
DA:55,0
DA:57,0
DA:61,0
DA:62,0
DA:63,0
DA:64,0
DA:67,0
DA:68,0
DA:80,0
DA:82,0
DA:86,0
DA:87,0
DA:88,0
DA:89,0
DA:92,0
DA:93,0
DA:104,0
DA:106,0
DA:110,0
DA:114,0
DA:116,0
DA:117,0
DA:118,0
DA:119,0
DA:122,0
DA:124,0
DA:125,0
DA:126,0
DA:128,0
DA:129,0
DA:133,6
DA:141,0
DA:143,0
DA:148,0
DA:149,0
DA:159,0
DA:164,0
DA:167,0
DA:176,0
DA:177,0
DA:187,0
DA:193,0
DA:194,0
DA:204,0
DA:209,0
DA:211,0
DA:218,0
DA:219,0
DA:230,0
LF:74
LH:17
BRDA:10,0,0,1
BRDA:10,0,1,2
BRDA:11,1,0,0
BRDA:11,1,1,1
BRDA:15,2,0,1
BRDA:15,2,1,1
BRDA:16,3,0,0
BRDA:16,3,1,1
BRDA:20,4,0,1
BRDA:20,4,1,0
BRDA:42,5,0,0
BRDA:42,5,1,0
BRDA:62,6,0,0
BRDA:62,6,1,0
BRDA:62,6,2,0
BRDA:63,7,0,0
BRDA:63,7,1,0
BRDA:64,8,0,0
BRDA:64,8,1,0
BRDA:67,9,0,0
BRDA:67,9,1,0
BRDA:86,10,0,0
BRDA:86,10,1,0
BRDA:87,11,0,0
BRDA:87,11,1,0
BRDA:89,12,0,0
BRDA:89,12,1,0
BRDA:92,13,0,0
BRDA:92,13,1,0
BRDA:114,14,0,0
BRDA:114,14,1,0
BRDA:116,15,0,0
BRDA:116,15,1,0
BRDA:116,15,2,0
BRDA:117,16,0,0
BRDA:117,16,1,0
BRDA:117,16,2,0
BRDA:118,17,0,0
BRDA:118,17,1,0
BRDA:124,18,0,0
BRDA:124,18,1,0
BRDA:141,19,0,0
BRDA:141,19,1,0
BRDA:148,20,0,0
BRDA:148,20,1,0
BRDA:152,21,0,0
BRDA:152,21,1,0
BRDA:164,22,0,0
BRDA:164,22,1,0
BRDA:176,23,0,0
BRDA:176,23,1,0
BRDA:181,24,0,0
BRDA:181,24,1,0
BRDA:193,25,0,0
BRDA:193,25,1,0
BRDA:209,26,0,0
BRDA:209,26,1,0
BRDA:213,27,0,0
BRDA:213,27,1,0
BRDA:214,28,0,0
BRDA:214,28,1,0
BRDA:215,29,0,0
BRDA:215,29,1,0
BRDA:218,30,0,0
BRDA:218,30,1,0
BRF:65
BRH:7
end_of_record
TN:
SF:src\services\usuario.service.ts
FN:7,(anonymous_1)
FN:45,(anonymous_2)
FN:79,(anonymous_3)
FN:84,(anonymous_4)
FN:108,(anonymous_5)
FN:122,(anonymous_6)
FN:176,(anonymous_7)
FNF:7
FNH:3
FNDA:0,(anonymous_1)
FNDA:0,(anonymous_2)
FNDA:0,(anonymous_3)
FNDA:1,(anonymous_4)
FNDA:1,(anonymous_5)
FNDA:1,(anonymous_6)
FNDA:0,(anonymous_7)
DA:1,7
DA:3,7
DA:4,7
DA:5,7
DA:7,7
DA:8,0
DA:9,0
DA:10,0
DA:13,0
DA:45,7
DA:46,0
DA:47,0
DA:49,0
DA:50,0
DA:53,0
DA:54,0
DA:56,0
DA:68,0
DA:75,0
DA:79,7
DA:80,0
DA:81,0
DA:84,7
DA:85,1
DA:86,1
DA:88,1
DA:90,1
DA:95,1
DA:105,1
DA:108,7
DA:109,1
DA:110,1
DA:112,1
DA:114,1
DA:119,1
DA:122,7
DA:123,1
DA:124,1
DA:126,1
DA:133,1
DA:135,1
DA:137,1
DA:141,1
DA:143,0
DA:147,0
DA:149,0
DA:153,0
DA:155,0
DA:159,0
DA:161,0
DA:165,0
DA:167,0
DA:173,1
DA:176,7
DA:177,0
LF:55
LH:30
BRDA:9,0,0,0
BRDA:9,0,1,0
BRDA:9,1,0,0
BRDA:9,1,1,0
BRDA:49,2,0,0
BRDA:49,2,1,0
BRDA:49,3,0,0
BRDA:49,3,1,0
BRDA:54,4,0,0
BRDA:54,4,1,0
BRDA:70,5,0,0
BRDA:70,5,1,0
BRDA:71,6,0,0
BRDA:71,6,1,0
BRDA:72,7,0,0
BRDA:72,7,1,0
BRDA:86,8,0,0
BRDA:86,8,1,1
BRDA:124,9,0,0
BRDA:124,9,1,1
BRDA:135,10,0,1
BRDA:135,10,1,0
BRDA:135,10,2,0
BRDA:135,10,3,0
BRDA:135,10,4,0
BRDA:135,10,5,0
BRF:26
BRH:3
end_of_record
TN:
SF:src\utils\jwt.ts
FN:6,(anonymous_1)
FN:19,(anonymous_2)
FNF:2
FNH:1
FNDA:0,(anonymous_1)
FNDA:8,(anonymous_2)
DA:2,12
DA:4,12
DA:6,12
DA:12,0
DA:19,12
DA:20,8
LF:6
LH:5
BRDA:4,0,0,12
BRDA:4,0,1,5
BRF:2
BRH:2
end_of_record
TN:
SF:src\validators\login.validator.ts
FNF:0
FNH:0
DA:1,6
DA:3,6
LF:2
LH:2
BRF:0
BRH:0
end_of_record
TN:
SF:src\validators\register.validator.ts
FNF:0
FNH:0
DA:1,6
DA:3,6
LF:2
LH:2
BRF:0
BRH:0
end_of_record
